\BOOKMARK [0][-]{Doc-Start}{\376\377\000R\000e\000m\000e\000r\000c\000i\000e\000m\000e\000n\000t\000s}{}% 1
\BOOKMARK [0][-]{Doc-Start}{\376\377\000R\000\351\000s\000u\000m\000\351}{}% 2
\BOOKMARK [0][-]{chapter*.1}{\376\377\000A\000b\000s\000t\000r\000a\000c\000t}{}% 3
\BOOKMARK [0][-]{chapter*.2}{\376\377\000L\000i\000s\000t\000e\000\040\000d\000e\000s\000\040\000A\000b\000r\000\351\000v\000i\000a\000t\000i\000o\000n\000s}{}% 4
\BOOKMARK [0][-]{chapter*.4}{\376\377\000L\000i\000s\000t\000e\000\040\000d\000e\000s\000\040\000f\000i\000g\000u\000r\000e\000s}{}% 5
\BOOKMARK [0][-]{chapter*.6}{\376\377\000I\000n\000t\000r\000o\000d\000u\000c\000t\000i\000o\000n\000\040\000g\000\351\000n\000\351\000r\000a\000l\000e}{}% 6
\BOOKMARK [0][-]{chapter.1}{\376\377\000C\000h\000a\000p\000i\000t\000r\000e\000\040\0001\000:\000\040\000C\000o\000n\000t\000e\000x\000t\000e\000\040\000G\000\351\000n\000\351\000r\000a\000l\000\040\000d\000u\000\040\000p\000r\000o\000j\000e\000t}{}% 7
\BOOKMARK [1][-]{section.1.1}{\376\377\000I\000n\000t\000r\000o\000d\000u\000c\000t\000i\000o\000n}{chapter.1}% 8
\BOOKMARK [1][-]{section.1.2}{\376\377\000P\000r\000\351\000s\000e\000n\000t\000a\000t\000i\000o\000n\000\040\000d\000e\000\040\000l\000'\000o\000r\000g\000a\000n\000i\000s\000m\000e\000\040\000d\000'\000a\000c\000c\000u\000e\000i\000l}{chapter.1}% 9
\BOOKMARK [2][-]{subsection.1.2.1}{\376\377\000G\000r\000o\000u\000p\000e\000\040\000C\000a\000p\000g\000e\000m\000i\000n\000i}{section.1.2}% 10
\BOOKMARK [2][-]{subsection.1.2.2}{\376\377\000H\000i\000s\000t\000o\000r\000i\000q\000u\000e\000\040\000d\000u\000\040\000g\000r\000o\000u\000p\000e\000\040\000C\000a\000p\000g\000e\000m\000i\000n\000i}{section.1.2}% 11
\BOOKMARK [2][-]{subsection.1.2.3}{\376\377\000F\000i\000c\000h\000e\000\040\000d\000'\000i\000d\000e\000n\000t\000i\000t\000\351\000\040\000d\000u\000\040\000g\000r\000o\000u\000p\000e\000\040\000C\000a\000p\000g\000e\000m\000i\000n\000i}{section.1.2}% 12
\BOOKMARK [2][-]{subsection.1.2.4}{\376\377\000M\000\351\000t\000i\000e\000r\000s\000\040\000d\000u\000\040\000g\000r\000o\000u\000p\000e\000\040\000C\000a\000p\000g\000e\000m\000i\000n\000i}{section.1.2}% 13
\BOOKMARK [2][-]{subsection.1.2.5}{\376\377\000C\000a\000p\000g\000e\000m\000i\000n\000i\000\040\000T\000S\000\040\000M\000a\000r\000o\000c}{section.1.2}% 14
\BOOKMARK [2][-]{subsection.1.2.6}{\376\377\000F\000i\000c\000h\000e\000\040\000d\000'\000i\000d\000e\000n\000t\000i\000t\000\351\000\040\000d\000e\000\040\000C\000a\000p\000g\000e\000m\000i\000n\000i\000\040\000T\000S\000\040\000M\000a\000r\000o\000c}{section.1.2}% 15
\BOOKMARK [2][-]{subsection.1.2.7}{\376\377\000O\000r\000g\000a\000n\000i\000g\000r\000a\000m\000m\000e\000\040\000d\000e\000\040\000C\000a\000p\000g\000e\000m\000i\000n\000i\000\040\000T\000S\000\040\000M\000a\000r\000o\000c}{section.1.2}% 16
\BOOKMARK [2][-]{subsection.1.2.8}{\376\377\000P\000r\000\351\000s\000e\000n\000t\000a\000t\000i\000o\000n\000\040\000d\000u\000\040\000D\000i\000g\000i\000C\000a\000m\000p}{section.1.2}% 17
\BOOKMARK [1][-]{section.1.3}{\376\377\000P\000r\000\351\000s\000e\000n\000t\000a\000t\000i\000o\000n\000\040\000d\000u\000\040\000p\000r\000o\000j\000e\000t\000\040\000Q\000u\000i\000z\000\040\000A\000g\000i\000l\000e}{chapter.1}% 18
\BOOKMARK [2][-]{subsection.1.3.1}{\376\377\000C\000o\000n\000t\000e\000x\000t\000e\000\040\000d\000u\000\040\000p\000r\000o\000j\000e\000t}{section.1.3}% 19
\BOOKMARK [2][-]{subsection.1.3.2}{\376\377\000P\000r\000o\000b\000l\000\351\000m\000a\000t\000i\000q\000u\000e}{section.1.3}% 20
\BOOKMARK [2][-]{subsection.1.3.3}{\376\377\000O\000b\000j\000e\000c\000t\000i\000f\000s\000\040\000d\000u\000\040\000p\000r\000o\000j\000e\000t}{section.1.3}% 21
\BOOKMARK [2][-]{subsection.1.3.4}{\376\377\000P\000o\000p\000u\000l\000a\000t\000i\000o\000n\000\040\000c\000o\000n\000c\000e\000r\000n\000\351\000e}{section.1.3}% 22
\BOOKMARK [2][-]{subsection.1.3.5}{\376\377\000S\000o\000l\000u\000t\000i\000o\000n\000\040\000p\000r\000o\000p\000o\000s\000\351\000e}{section.1.3}% 23
\BOOKMARK [2][-]{subsection.1.3.6}{\376\377\000C\000o\000n\000d\000u\000i\000t\000e\000\040\000e\000t\000\040\000p\000l\000a\000n\000i\000f\000i\000c\000a\000t\000i\000o\000n\000\040\000d\000u\000\040\000p\000r\000o\000j\000e\000t}{section.1.3}% 24
\BOOKMARK [2][-]{subsection.1.3.7}{\376\377\000M\000\351\000t\000h\000o\000d\000o\000l\000o\000g\000i\000e\000\040\000d\000u\000\040\000t\000r\000a\000v\000a\000i\000l\000\040\000:\000\040\000A\000g\000i\000l\000e\000\040\000\046\000\040\000S\000c\000r\000u\000m}{section.1.3}% 25
\BOOKMARK [1][-]{section.1.4}{\376\377\000C\000o\000n\000c\000l\000u\000s\000i\000o\000n}{chapter.1}% 26
\BOOKMARK [0][-]{chapter.2}{\376\377\000C\000h\000a\000p\000i\000t\000r\000e\000\040\0002\000:\000\040\000A\000n\000a\000l\000y\000s\000e\000\040\000e\000t\000\040\000S\000p\000\351\000c\000i\000f\000i\000c\000a\000t\000i\000o\000n\000\040\000d\000e\000s\000\040\000b\000e\000s\000o\000i\000n\000s}{}% 27
\BOOKMARK [1][-]{section.2.1}{\376\377\000I\000n\000t\000r\000o\000d\000u\000c\000t\000i\000o\000n}{chapter.2}% 28
\BOOKMARK [1][-]{section.2.2}{\376\377\000E\000x\000i\000g\000e\000n\000c\000e\000s\000\040\000f\000o\000n\000c\000t\000i\000o\000n\000n\000e\000l\000l\000e\000s}{chapter.2}% 29
\BOOKMARK [2][-]{subsection.2.2.1}{\376\377\000G\000e\000s\000t\000i\000o\000n\000\040\000d\000e\000s\000\040\000u\000t\000i\000l\000i\000s\000a\000t\000e\000u\000r\000s}{section.2.2}% 30
\BOOKMARK [2][-]{subsection.2.2.2}{\376\377\000G\000e\000s\000t\000i\000o\000n\000\040\000d\000e\000s\000\040\000q\000u\000i\000z}{section.2.2}% 31
\BOOKMARK [2][-]{subsection.2.2.3}{\376\377\000G\000e\000s\000t\000i\000o\000n\000\040\000d\000e\000s\000\040\000q\000u\000e\000s\000t\000i\000o\000n\000s}{section.2.2}% 32
\BOOKMARK [2][-]{subsection.2.2.4}{\376\377\000P\000a\000s\000s\000a\000g\000e\000\040\000d\000e\000s\000\040\000q\000u\000i\000z}{section.2.2}% 33
\BOOKMARK [2][-]{subsection.2.2.5}{\376\377\000\311\000v\000a\000l\000u\000a\000t\000i\000o\000n\000\040\000e\000t\000\040\000r\000\351\000s\000u\000l\000t\000a\000t\000s}{section.2.2}% 34
\BOOKMARK [2][-]{subsection.2.2.6}{\376\377\000A\000n\000a\000l\000y\000s\000e\000\040\000e\000t\000\040\000r\000e\000p\000o\000r\000t\000i\000n\000g}{section.2.2}% 35
\BOOKMARK [2][-]{subsection.2.2.7}{\376\377\000I\000n\000t\000\351\000g\000r\000a\000t\000i\000o\000n\000\040\000a\000v\000e\000c\000\040\000l\000a\000\040\000p\000l\000a\000t\000e\000f\000o\000r\000m\000e\000\040\000N\000E\000X\000T}{section.2.2}% 36
\BOOKMARK [1][-]{section.2.3}{\376\377\000C\000a\000r\000t\000o\000g\000r\000a\000p\000h\000i\000e\000\040\000f\000o\000n\000c\000t\000i\000o\000n\000n\000e\000l\000l\000e}{chapter.2}% 37
\BOOKMARK [1][-]{section.2.4}{\376\377\000S\000p\000\351\000c\000i\000f\000i\000c\000a\000t\000i\000o\000n\000s\000\040\000N\000o\000n\000\040\000F\000o\000n\000c\000t\000i\000o\000n\000n\000e\000l\000l\000e\000s}{chapter.2}% 38
\BOOKMARK [2][-]{subsection.2.4.1}{\376\377\000P\000e\000r\000f\000o\000r\000m\000a\000n\000c\000e}{section.2.4}% 39
\BOOKMARK [2][-]{subsection.2.4.2}{\376\377\000S\000\351\000c\000u\000r\000i\000t\000\351}{section.2.4}% 40
\BOOKMARK [2][-]{subsection.2.4.3}{\376\377\000D\000i\000s\000p\000o\000n\000i\000b\000i\000l\000i\000t\000\351\000\040\000e\000t\000\040\000f\000i\000a\000b\000i\000l\000i\000t\000\351}{section.2.4}% 41
\BOOKMARK [2][-]{subsection.2.4.4}{\376\377\000M\000a\000i\000n\000t\000e\000n\000a\000b\000i\000l\000i\000t\000\351}{section.2.4}% 42
\BOOKMARK [2][-]{subsection.2.4.5}{\376\377\000S\000c\000a\000l\000a\000b\000i\000l\000i\000t\000\351}{section.2.4}% 43
\BOOKMARK [2][-]{subsection.2.4.6}{\376\377\000U\000t\000i\000l\000i\000s\000a\000b\000i\000l\000i\000t\000\351}{section.2.4}% 44
\BOOKMARK [2][-]{subsection.2.4.7}{\376\377\000I\000n\000t\000e\000r\000o\000p\000\351\000r\000a\000b\000i\000l\000i\000t\000\351}{section.2.4}% 45
\BOOKMARK [1][-]{section.2.5}{\376\377\000A\000n\000a\000l\000y\000s\000e\000\040\000d\000e\000s\000\040\000A\000c\000t\000e\000u\000r\000s\000\040\000e\000t\000\040\000d\000e\000s\000\040\000C\000a\000s\000\040\000d\000'\000U\000t\000i\000l\000i\000s\000a\000t\000i\000o\000n}{chapter.2}% 46
\BOOKMARK [2][-]{subsection.2.5.1}{\376\377\000I\000d\000e\000n\000t\000i\000f\000i\000c\000a\000t\000i\000o\000n\000\040\000d\000e\000s\000\040\000a\000c\000t\000e\000u\000r\000s}{section.2.5}% 47
\BOOKMARK [2][-]{subsection.2.5.2}{\376\377\000D\000i\000a\000g\000r\000a\000m\000m\000e\000\040\000d\000e\000\040\000C\000a\000s\000\040\000d\000'\000U\000t\000i\000l\000i\000s\000a\000t\000i\000o\000n}{section.2.5}% 48
\BOOKMARK [2][-]{subsection.2.5.3}{\376\377\000T\000a\000b\000l\000e\000a\000u\000\040\000R\000\351\000c\000a\000p\000i\000t\000u\000l\000a\000t\000i\000f\000\040\000d\000e\000s\000\040\000C\000a\000s\000\040\000d\000'\000U\000t\000i\000l\000i\000s\000a\000t\000i\000o\000n}{section.2.5}% 49
\BOOKMARK [1][-]{section.2.6}{\376\377\000D\000e\000s\000c\000r\000i\000p\000t\000i\000o\000n\000\040\000d\000\351\000t\000a\000i\000l\000l\000\351\000e\000\040\000d\000e\000s\000\040\000p\000r\000i\000n\000c\000i\000p\000a\000u\000x\000\040\000c\000a\000s\000\040\000d\000'\000u\000t\000i\000l\000i\000s\000a\000t\000i\000o\000n}{chapter.2}% 50
\BOOKMARK [2][-]{subsection.2.6.1}{\376\377\000C\000a\000s\000\040\000d\000'\000u\000t\000i\000l\000i\000s\000a\000t\000i\000o\000n\000\040\000:\000\040\000C\000r\000\351\000e\000r\000\040\000u\000n\000\040\000q\000u\000i\000z}{section.2.6}% 51
\BOOKMARK [2][-]{subsection.2.6.2}{\376\377\000C\000a\000s\000\040\000d\000'\000u\000t\000i\000l\000i\000s\000a\000t\000i\000o\000n\000\040\000:\000\040\000P\000a\000s\000s\000e\000r\000\040\000u\000n\000\040\000q\000u\000i\000z}{section.2.6}% 52
\BOOKMARK [1][-]{section.2.7}{\376\377\000A\000r\000c\000h\000i\000t\000e\000c\000t\000u\000r\000e\000\040\000m\000o\000n\000o\000l\000i\000t\000h\000i\000q\000u\000e}{chapter.2}% 53
\BOOKMARK [2][-]{subsection.2.7.1}{\376\377\000C\000o\000n\000c\000l\000u\000s\000i\000o\000n}{section.2.7}% 54
\BOOKMARK [2][-]{subsection.2.7.2}{\376\377\000\311\000v\000a\000l\000u\000a\000t\000i\000o\000n\000\040\000e\000t\000\040\000r\000\351\000s\000u\000l\000t\000a\000t\000s}{section.2.7}% 55
\BOOKMARK [2][-]{subsection.2.7.3}{\376\377\000A\000n\000a\000l\000y\000s\000e\000\040\000e\000t\000\040\000r\000e\000p\000o\000r\000t\000i\000n\000g}{section.2.7}% 56
\BOOKMARK [2][-]{subsection.2.7.4}{\376\377\000I\000n\000t\000\351\000g\000r\000a\000t\000i\000o\000n\000\040\000a\000v\000e\000c\000\040\000l\000a\000\040\000p\000l\000a\000t\000e\000f\000o\000r\000m\000e\000\040\000N\000E\000X\000T}{section.2.7}% 57
\BOOKMARK [1][-]{section.2.8}{\376\377\000S\000p\000\351\000c\000i\000f\000i\000c\000a\000t\000i\000o\000n\000s\000\040\000n\000o\000n\000\040\000f\000o\000n\000c\000t\000i\000o\000n\000n\000e\000l\000l\000e\000s}{chapter.2}% 58
\BOOKMARK [2][-]{subsection.2.8.1}{\376\377\000P\000e\000r\000f\000o\000r\000m\000a\000n\000c\000e}{section.2.8}% 59
\BOOKMARK [2][-]{subsection.2.8.2}{\376\377\000S\000\351\000c\000u\000r\000i\000t\000\351}{section.2.8}% 60
\BOOKMARK [2][-]{subsection.2.8.3}{\376\377\000D\000i\000s\000p\000o\000n\000i\000b\000i\000l\000i\000t\000\351\000\040\000e\000t\000\040\000f\000i\000a\000b\000i\000l\000i\000t\000\351}{section.2.8}% 61
\BOOKMARK [2][-]{subsection.2.8.4}{\376\377\000M\000a\000i\000n\000t\000e\000n\000a\000b\000i\000l\000i\000t\000\351}{section.2.8}% 62
\BOOKMARK [2][-]{subsection.2.8.5}{\376\377\000U\000t\000i\000l\000i\000s\000a\000b\000i\000l\000i\000t\000\351}{section.2.8}% 63
\BOOKMARK [1][-]{section.2.9}{\376\377\000I\000d\000e\000n\000t\000i\000f\000i\000c\000a\000t\000i\000o\000n\000\040\000d\000e\000s\000\040\000a\000c\000t\000e\000u\000r\000s}{chapter.2}% 64
\BOOKMARK [2][-]{subsection.2.9.1}{\376\377\000A\000d\000m\000i\000n\000i\000s\000t\000r\000a\000t\000e\000u\000r}{section.2.9}% 65
\BOOKMARK [2][-]{subsection.2.9.2}{\376\377\000C\000o\000a\000c\000h}{section.2.9}% 66
\BOOKMARK [2][-]{subsection.2.9.3}{\376\377\000C\000o\000l\000l\000a\000b\000o\000r\000a\000t\000e\000u\000r}{section.2.9}% 67
\BOOKMARK [2][-]{subsection.2.9.4}{\376\377\000S\000y\000s\000t\000\350\000m\000e\000\040\000N\000E\000X\000T}{section.2.9}% 68
\BOOKMARK [1][-]{section.2.10}{\376\377\000D\000i\000a\000g\000r\000a\000m\000m\000e\000\040\000d\000e\000\040\000c\000a\000s\000\040\000d\000'\000u\000t\000i\000l\000i\000s\000a\000t\000i\000o\000n}{chapter.2}% 69
\BOOKMARK [1][-]{section.2.11}{\376\377\000C\000o\000n\000c\000l\000u\000s\000i\000o\000n}{chapter.2}% 70
\BOOKMARK [0][-]{chapter.3}{\376\377\000C\000h\000a\000p\000i\000t\000r\000e\000\040\0003\000:\000\040\000C\000o\000n\000c\000e\000p\000t\000i\000o\000n\000\040\000e\000t\000\040\000M\000i\000s\000e\000\040\000e\000n\000\040\000p\000l\000a\000c\000e\000\040\000d\000u\000\040\000s\000y\000s\000t\000\350\000m\000e}{}% 71
\BOOKMARK [1][-]{section.3.1}{\376\377\000I\000n\000t\000r\000o\000d\000u\000c\000t\000i\000o\000n}{chapter.3}% 72
\BOOKMARK [1][-]{section.3.2}{\376\377\000A\000r\000c\000h\000i\000t\000e\000c\000t\000u\000r\000e\000\040\000d\000u\000\040\000s\000y\000s\000t\000\350\000m\000e}{chapter.3}% 73
\BOOKMARK [2][-]{subsection.3.2.1}{\376\377\000A\000r\000c\000h\000i\000t\000e\000c\000t\000u\000r\000e\000\040\000l\000o\000g\000i\000c\000i\000e\000l\000l\000e}{section.3.2}% 74
\BOOKMARK [2][-]{subsection.3.2.2}{\376\377\000A\000r\000c\000h\000i\000t\000e\000c\000t\000u\000r\000e\000\040\000d\000e\000\040\000d\000\351\000p\000l\000o\000i\000e\000m\000e\000n\000t}{section.3.2}% 75
\BOOKMARK [1][-]{section.3.3}{\376\377\000M\000o\000d\000\351\000l\000i\000s\000a\000t\000i\000o\000n\000\040\000U\000M\000L}{chapter.3}% 76
\BOOKMARK [2][-]{subsection.3.3.1}{\376\377\000D\000i\000a\000g\000r\000a\000m\000m\000e\000\040\000d\000e\000\040\000c\000l\000a\000s\000s\000e\000s}{section.3.3}% 77
\BOOKMARK [2][-]{subsection.3.3.2}{\376\377\000D\000i\000a\000g\000r\000a\000m\000m\000e\000\040\000d\000e\000\040\000s\000\351\000q\000u\000e\000n\000c\000e}{section.3.3}% 78
\BOOKMARK [1][-]{section.3.4}{\376\377\000M\000o\000d\000\350\000l\000e\000\040\000d\000e\000\040\000d\000o\000n\000n\000\351\000e\000s}{chapter.3}% 79
\BOOKMARK [2][-]{subsection.3.4.1}{\376\377\000M\000o\000d\000\350\000l\000e\000\040\000c\000o\000n\000c\000e\000p\000t\000u\000e\000l}{section.3.4}% 80
\BOOKMARK [2][-]{subsection.3.4.2}{\376\377\000M\000o\000d\000\350\000l\000e\000\040\000r\000e\000l\000a\000t\000i\000o\000n\000n\000e\000l}{section.3.4}% 81
\BOOKMARK [1][-]{section.3.5}{\376\377\000T\000e\000c\000h\000n\000o\000l\000o\000g\000i\000e\000s\000\040\000e\000t\000\040\000o\000u\000t\000i\000l\000s\000\040\000u\000t\000i\000l\000i\000s\000\351\000s}{chapter.3}% 82
\BOOKMARK [2][-]{subsection.3.5.1}{\376\377\000B\000a\000c\000k\000e\000n\000d\000\040\000-\000\040\000S\000p\000r\000i\000n\000g\000\040\000B\000o\000o\000t}{section.3.5}% 83
\BOOKMARK [2][-]{subsection.3.5.2}{\376\377\000F\000r\000o\000n\000t\000e\000n\000d\000\040\000-\000\040\000R\000e\000a\000c\000t}{section.3.5}% 84
\BOOKMARK [2][-]{subsection.3.5.3}{\376\377\000B\000a\000s\000e\000\040\000d\000e\000\040\000d\000o\000n\000n\000\351\000e\000s\000\040\000-\000\040\000M\000y\000S\000Q\000L}{section.3.5}% 85
\BOOKMARK [1][-]{section.3.6}{\376\377\000C\000o\000n\000c\000l\000u\000s\000i\000o\000n}{chapter.3}% 86
\BOOKMARK [0][-]{chapter.4}{\376\377\000C\000h\000a\000p\000i\000t\000r\000e\000\040\0004\000:\000\040\000R\000\351\000a\000l\000i\000s\000a\000t\000i\000o\000n\000,\000\040\000T\000e\000s\000t\000s\000\040\000e\000t\000\040\000\311\000t\000u\000d\000e\000\040\000T\000e\000c\000h\000n\000i\000q\000u\000e}{}% 87
\BOOKMARK [1][-]{section.4.1}{\376\377\000I\000n\000t\000r\000o\000d\000u\000c\000t\000i\000o\000n}{chapter.4}% 88
\BOOKMARK [1][-]{section.4.2}{\376\377\000E\000n\000v\000i\000r\000o\000n\000n\000e\000m\000e\000n\000t\000\040\000d\000e\000\040\000d\000\351\000v\000e\000l\000o\000p\000p\000e\000m\000e\000n\000t}{chapter.4}% 89
\BOOKMARK [2][-]{subsection.4.2.1}{\376\377\000C\000o\000n\000f\000i\000g\000u\000r\000a\000t\000i\000o\000n\000\040\000d\000e\000\040\000l\000'\000e\000n\000v\000i\000r\000o\000n\000n\000e\000m\000e\000n\000t}{section.4.2}% 90
\BOOKMARK [2][-]{subsection.4.2.2}{\376\377\000S\000t\000r\000u\000c\000t\000u\000r\000e\000\040\000d\000u\000\040\000p\000r\000o\000j\000e\000t}{section.4.2}% 91
\BOOKMARK [1][-]{section.4.3}{\376\377\000I\000m\000p\000l\000\351\000m\000e\000n\000t\000a\000t\000i\000o\000n\000\040\000d\000u\000\040\000b\000a\000c\000k\000e\000n\000d}{chapter.4}% 92
\BOOKMARK [2][-]{subsection.4.3.1}{\376\377\000C\000o\000n\000f\000i\000g\000u\000r\000a\000t\000i\000o\000n\000\040\000S\000p\000r\000i\000n\000g\000\040\000B\000o\000o\000t}{section.4.3}% 93
\BOOKMARK [2][-]{subsection.4.3.2}{\376\377\000M\000o\000d\000\350\000l\000e\000\040\000d\000e\000\040\000d\000o\000n\000n\000\351\000e\000s}{section.4.3}% 94
\BOOKMARK [2][-]{subsection.4.3.3}{\376\377\000S\000e\000r\000v\000i\000c\000e\000s\000\040\000m\000\351\000t\000i\000e\000r}{section.4.3}% 95
\BOOKMARK [2][-]{subsection.4.3.4}{\376\377\000A\000P\000I\000\040\000R\000E\000S\000T}{section.4.3}% 96
\BOOKMARK [1][-]{section.4.4}{\376\377\000I\000m\000p\000l\000\351\000m\000e\000n\000t\000a\000t\000i\000o\000n\000\040\000d\000u\000\040\000f\000r\000o\000n\000t\000e\000n\000d}{chapter.4}% 97
\BOOKMARK [2][-]{subsection.4.4.1}{\376\377\000A\000r\000c\000h\000i\000t\000e\000c\000t\000u\000r\000e\000\040\000R\000e\000a\000c\000t}{section.4.4}% 98
\BOOKMARK [2][-]{subsection.4.4.2}{\376\377\000G\000e\000s\000t\000i\000o\000n\000\040\000d\000'\000\351\000t\000a\000t}{section.4.4}% 99
\BOOKMARK [2][-]{subsection.4.4.3}{\376\377\000C\000o\000m\000p\000o\000s\000a\000n\000t\000s\000\040\000p\000r\000i\000n\000c\000i\000p\000a\000u\000x}{section.4.4}% 100
\BOOKMARK [1][-]{section.4.5}{\376\377\000T\000e\000s\000t\000s\000\040\000e\000t\000\040\000v\000a\000l\000i\000d\000a\000t\000i\000o\000n}{chapter.4}% 101
\BOOKMARK [2][-]{subsection.4.5.1}{\376\377\000T\000e\000s\000t\000s\000\040\000u\000n\000i\000t\000a\000i\000r\000e\000s}{section.4.5}% 102
\BOOKMARK [2][-]{subsection.4.5.2}{\376\377\000T\000e\000s\000t\000s\000\040\000d\000'\000i\000n\000t\000\351\000g\000r\000a\000t\000i\000o\000n}{section.4.5}% 103
\BOOKMARK [2][-]{subsection.4.5.3}{\376\377\000T\000e\000s\000t\000s\000\040\000d\000e\000\040\000p\000e\000r\000f\000o\000r\000m\000a\000n\000c\000e}{section.4.5}% 104
\BOOKMARK [1][-]{section.4.6}{\376\377\000D\000\351\000p\000l\000o\000i\000e\000m\000e\000n\000t}{chapter.4}% 105
\BOOKMARK [2][-]{subsection.4.6.1}{\376\377\000C\000o\000n\000t\000e\000n\000e\000u\000r\000i\000s\000a\000t\000i\000o\000n}{section.4.6}% 106
\BOOKMARK [2][-]{subsection.4.6.2}{\376\377\000P\000i\000p\000e\000l\000i\000n\000e\000\040\000C\000I\000/\000C\000D}{section.4.6}% 107
\BOOKMARK [1][-]{section.4.7}{\376\377\000C\000o\000n\000c\000l\000u\000s\000i\000o\000n}{chapter.4}% 108
\BOOKMARK [1][-]{section.4.8}{\376\377\000A\000r\000c\000h\000i\000t\000e\000c\000t\000u\000r\000e\000\040\000t\000e\000c\000h\000n\000i\000q\000u\000e\000\040\000e\000t\000\040\000c\000h\000o\000i\000x\000\040\000t\000e\000c\000h\000n\000o\000l\000o\000g\000i\000q\000u\000e\000s}{chapter.4}% 109
\BOOKMARK [1][-]{section.4.9}{\376\377\000A\000r\000c\000h\000i\000t\000e\000c\000t\000u\000r\000e\000\040\000d\000u\000\040\000S\000y\000s\000t\000\350\000m\000e}{chapter.4}% 110
\BOOKMARK [2][-]{subsection.4.9.1}{\376\377\000C\000h\000o\000i\000x\000\040\000d\000e\000\040\000l\000'\000A\000r\000c\000h\000i\000t\000e\000c\000t\000u\000r\000e\000\040\000M\000o\000n\000o\000l\000i\000t\000h\000i\000q\000u\000e}{section.4.9}% 111
\BOOKMARK [1][-]{section.4.10}{\376\377\000T\000e\000c\000h\000n\000o\000l\000o\000g\000i\000e\000s\000\040\000e\000t\000\040\000F\000r\000a\000m\000e\000w\000o\000r\000k\000\040\000u\000t\000i\000l\000i\000s\000\351\000e\000s}{chapter.4}% 112
\BOOKMARK [2][-]{subsection.4.10.1}{\376\377\000S\000p\000r\000i\000n\000g\000\040\000B\000o\000o\000t}{section.4.10}% 113
\BOOKMARK [2][-]{subsection.4.10.2}{\376\377\000R\000e\000a\000c\000t}{section.4.10}% 114
\BOOKMARK [2][-]{subsection.4.10.3}{\376\377\000A\000u\000t\000h\000e\000n\000t\000i\000f\000i\000c\000a\000t\000i\000o\000n\000\040\000e\000t\000\040\000S\000\351\000c\000u\000r\000i\000t\000\351}{section.4.10}% 115
\BOOKMARK [2][-]{subsection.4.10.4}{\376\377\000B\000a\000s\000e\000\040\000d\000e\000\040\000d\000o\000n\000n\000\351\000e\000s}{section.4.10}% 116
\BOOKMARK [2][-]{subsection.4.10.5}{\376\377\000S\000y\000s\000t\000\350\000m\000e\000\040\000d\000e\000\040\000g\000e\000s\000t\000i\000o\000n\000\040\000d\000e\000\040\000d\000\351\000p\000e\000n\000d\000a\000n\000c\000e\000s}{section.4.10}% 117
\BOOKMARK [1][-]{section.4.11}{\376\377\000C\000o\000n\000c\000l\000u\000s\000i\000o\000n}{chapter.4}% 118
\BOOKMARK [0][-]{chapter.5}{\376\377\000C\000h\000a\000p\000i\000t\000r\000e\000\040\0005\000:\000\040\000P\000r\000\351\000s\000e\000n\000t\000a\000t\000i\000o\000n\000\040\000d\000e\000s\000\040\000i\000n\000t\000e\000r\000f\000a\000c\000e\000s\000\040\000e\000t\000\040\000r\000\351\000s\000u\000l\000t\000a\000t\000s}{}% 119
\BOOKMARK [1][-]{section.5.1}{\376\377\000I\000n\000t\000r\000o\000d\000u\000c\000t\000i\000o\000n}{chapter.5}% 120
\BOOKMARK [1][-]{section.5.2}{\376\377\000I\000n\000t\000e\000r\000f\000a\000c\000e\000\040\000d\000'\000a\000u\000t\000h\000e\000n\000t\000i\000f\000i\000c\000a\000t\000i\000o\000n}{chapter.5}% 121
\BOOKMARK [2][-]{subsection.5.2.1}{\376\377\000P\000a\000g\000e\000\040\000d\000e\000\040\000c\000o\000n\000n\000e\000x\000i\000o\000n}{section.5.2}% 122
\BOOKMARK [1][-]{section.5.3}{\376\377\000I\000n\000t\000e\000r\000f\000a\000c\000e\000\040\000a\000d\000m\000i\000n\000i\000s\000t\000r\000a\000t\000e\000u\000r}{chapter.5}% 123
\BOOKMARK [2][-]{subsection.5.3.1}{\376\377\000T\000a\000b\000l\000e\000a\000u\000\040\000d\000e\000\040\000b\000o\000r\000d\000\040\000a\000d\000m\000i\000n\000i\000s\000t\000r\000a\000t\000e\000u\000r}{section.5.3}% 124
\BOOKMARK [2][-]{subsection.5.3.2}{\376\377\000G\000e\000s\000t\000i\000o\000n\000\040\000d\000e\000s\000\040\000u\000t\000i\000l\000i\000s\000a\000t\000e\000u\000r\000s}{section.5.3}% 125
\BOOKMARK [1][-]{section.5.4}{\376\377\000I\000n\000t\000e\000r\000f\000a\000c\000e\000\040\000c\000o\000a\000c\000h}{chapter.5}% 126
\BOOKMARK [2][-]{subsection.5.4.1}{\376\377\000C\000r\000\351\000a\000t\000i\000o\000n\000\040\000d\000e\000\040\000q\000u\000i\000z}{section.5.4}% 127
\BOOKMARK [2][-]{subsection.5.4.2}{\376\377\000G\000e\000s\000t\000i\000o\000n\000\040\000d\000e\000s\000\040\000q\000u\000e\000s\000t\000i\000o\000n\000s}{section.5.4}% 128
\BOOKMARK [2][-]{subsection.5.4.3}{\376\377\000A\000n\000a\000l\000y\000s\000e\000\040\000d\000e\000s\000\040\000r\000\351\000s\000u\000l\000t\000a\000t\000s}{section.5.4}% 129
\BOOKMARK [1][-]{section.5.5}{\376\377\000I\000n\000t\000e\000r\000f\000a\000c\000e\000\040\000c\000o\000l\000l\000a\000b\000o\000r\000a\000t\000e\000u\000r}{chapter.5}% 130
\BOOKMARK [2][-]{subsection.5.5.1}{\376\377\000A\000c\000c\000u\000e\000i\000l\000\040\000c\000o\000l\000l\000a\000b\000o\000r\000a\000t\000e\000u\000r}{section.5.5}% 131
\BOOKMARK [2][-]{subsection.5.5.2}{\376\377\000P\000a\000s\000s\000a\000g\000e\000\040\000d\000e\000\040\000q\000u\000i\000z}{section.5.5}% 132
\BOOKMARK [2][-]{subsection.5.5.3}{\376\377\000R\000\351\000s\000u\000l\000t\000a\000t\000s\000\040\000p\000e\000r\000s\000o\000n\000n\000e\000l\000s}{section.5.5}% 133
\BOOKMARK [1][-]{section.5.6}{\376\377\000F\000o\000n\000c\000t\000i\000o\000n\000n\000a\000l\000i\000t\000\351\000s\000\040\000t\000r\000a\000n\000s\000v\000e\000r\000s\000a\000l\000e\000s}{chapter.5}% 134
\BOOKMARK [2][-]{subsection.5.6.1}{\376\377\000R\000e\000s\000p\000o\000n\000s\000i\000v\000i\000t\000\351}{section.5.6}% 135
\BOOKMARK [2][-]{subsection.5.6.2}{\376\377\000A\000c\000c\000e\000s\000s\000i\000b\000i\000l\000i\000t\000\351}{section.5.6}% 136
\BOOKMARK [1][-]{section.5.7}{\376\377\000R\000\351\000s\000u\000l\000t\000a\000t\000s\000\040\000e\000t\000\040\000p\000e\000r\000f\000o\000r\000m\000a\000n\000c\000e\000s}{chapter.5}% 137
\BOOKMARK [2][-]{subsection.5.7.1}{\376\377\000M\000\351\000t\000r\000i\000q\000u\000e\000s\000\040\000d\000e\000\040\000p\000e\000r\000f\000o\000r\000m\000a\000n\000c\000e}{section.5.7}% 138
\BOOKMARK [2][-]{subsection.5.7.2}{\376\377\000A\000d\000o\000p\000t\000i\000o\000n\000\040\000u\000t\000i\000l\000i\000s\000a\000t\000e\000u\000r}{section.5.7}% 139
\BOOKMARK [1][-]{section.5.8}{\376\377\000C\000o\000n\000c\000l\000u\000s\000i\000o\000n}{chapter.5}% 140
\BOOKMARK [0][-]{chapter*.41}{\376\377\000C\000o\000n\000c\000l\000u\000s\000i\000o\000n\000\040\000g\000\351\000n\000\351\000r\000a\000l\000e}{}% 141
