\BOOKMARK [0][-]{Doc-Start}{\376\377\000R\000e\000m\000e\000r\000c\000i\000e\000m\000e\000n\000t\000s}{}% 1
\BOOKMARK [0][-]{Doc-Start}{\376\377\000R\000\351\000s\000u\000m\000\351}{}% 2
\BOOKMARK [0][-]{Doc-Start}{\376\377\000A\000b\000s\000t\000r\000a\000c\000t}{}% 3
\BOOKMARK [0][-]{Doc-Start}{\376\377\000L\000i\000s\000t\000e\000\040\000d\000e\000s\000\040\000a\000b\000r\000\351\000v\000i\000a\000t\000i\000o\000n\000s}{}% 4
\BOOKMARK [0][-]{chapter*.2}{\376\377\000L\000i\000s\000t\000e\000\040\000d\000e\000s\000\040\000f\000i\000g\000u\000r\000e\000s}{}% 5
\BOOKMARK [0][-]{chapter*.4}{\376\377\000I\000n\000t\000r\000o\000d\000u\000c\000t\000i\000o\000n\000\040\000g\000\351\000n\000\351\000r\000a\000l\000e}{}% 6
\BOOKMARK [0][-]{chapter.1}{\376\377\000C\000h\000a\000p\000i\000t\000r\000e\000\040\0001\000:\000\040\000P\000r\000\351\000s\000e\000n\000t\000a\000t\000i\000o\000n\000\040\000d\000u\000\040\000c\000a\000d\000r\000e\000\040\000d\000e\000\040\000p\000r\000o\000j\000e\000t}{}% 7
\BOOKMARK [1][-]{section.1.1}{\376\377\000I\000n\000t\000r\000o\000d\000u\000c\000t\000i\000o\000n}{chapter.1}% 8
\BOOKMARK [1][-]{section.1.2}{\376\377\000P\000r\000\351\000s\000e\000n\000t\000a\000t\000i\000o\000n\000\040\000d\000e\000\040\000l\040\031\000e\000n\000t\000r\000e\000p\000r\000i\000s\000e}{chapter.1}% 9
\BOOKMARK [1][-]{section.1.3}{\376\377\000P\000r\000\351\000s\000e\000n\000t\000a\000t\000i\000o\000n\000\040\000d\000e\000\040\000l\040\031\000\351\000q\000u\000i\000p\000e\000\040\000D\000a\000t\000a\000\040\000\046\000\040\000A\000d\000v\000a\000n\000c\000e\000d\000\040\000A\000n\000a\000l\000y\000t\000i\000c\000s}{chapter.1}% 10
\BOOKMARK [1][-]{section.1.4}{\376\377\000P\000r\000\351\000s\000e\000n\000t\000a\000t\000i\000o\000n\000\040\000d\000u\000\040\000p\000r\000o\000j\000e\000t}{chapter.1}% 11
\BOOKMARK [2][-]{subsection.1.4.1}{\376\377\000\311\000t\000u\000d\000e\000\040\000d\000e\000\040\000l\040\031\000e\000x\000i\000s\000t\000a\000n\000t}{section.1.4}% 12
\BOOKMARK [2][-]{subsection.1.4.2}{\376\377\000P\000r\000o\000b\000l\000\351\000m\000a\000t\000i\000q\000u\000e}{section.1.4}% 13
\BOOKMARK [2][-]{subsection.1.4.3}{\376\377\000S\000o\000l\000u\000t\000i\000o\000n\000\040\000p\000r\000o\000p\000o\000s\000\351\000e}{section.1.4}% 14
\BOOKMARK [1][-]{section.1.5}{\376\377\000C\000o\000n\000d\000u\000i\000t\000e\000\040\000d\000u\000\040\000p\000r\000o\000j\000e\000t}{chapter.1}% 15
\BOOKMARK [2][-]{subsection.1.5.1}{\376\377\000M\000\351\000t\000h\000o\000d\000o\000l\000o\000g\000i\000e\000\040\000S\000c\000r\000u\000m\000\040\000a\000d\000a\000p\000t\000\351\000e\000\040\000a\000u\000\040\000p\000r\000o\000j\000e\000t}{section.1.5}% 16
\BOOKMARK [2][-]{subsection.1.5.2}{\376\377\000M\000o\000d\000a\000l\000i\000t\000\351\000s\000\040\000d\000e\000\040\000s\000u\000i\000v\000i}{section.1.5}% 17
\BOOKMARK [2][-]{subsection.1.5.3}{\376\377\000\311\000l\000\351\000m\000e\000n\000t\000s\000\040\000S\000c\000r\000u\000m\000\040\000a\000p\000p\000l\000i\000q\000u\000\351\000s}{section.1.5}% 18
\BOOKMARK [2][-]{subsection.1.5.4}{\376\377\000O\000r\000g\000a\000n\000i\000s\000a\000t\000i\000o\000n\000\040\000d\000e\000s\000\040\000l\000i\000v\000r\000a\000b\000l\000e\000s}{section.1.5}% 19
\BOOKMARK [1][-]{section.1.6}{\376\377\000P\000l\000a\000n\000n\000i\000n\000g\000\040\000p\000r\000\351\000v\000i\000s\000i\000o\000n\000n\000e\000l}{chapter.1}% 20
\BOOKMARK [1][-]{section.1.7}{\376\377\000C\000o\000n\000c\000l\000u\000s\000i\000o\000n}{chapter.1}% 21
\BOOKMARK [0][-]{chapter.2}{\376\377\000C\000h\000a\000p\000i\000t\000r\000e\000\040\0002\000:\000\040\000S\000p\000\351\000c\000i\000f\000i\000c\000a\000t\000i\000o\000n\000\040\000d\000e\000s\000\040\000b\000e\000s\000o\000i\000n\000s}{}% 22
\BOOKMARK [1][-]{section.2.1}{\376\377\000I\000n\000t\000r\000o\000d\000u\000c\000t\000i\000o\000n}{chapter.2}% 23
\BOOKMARK [1][-]{section.2.2}{\376\377\000S\000p\000\351\000c\000i\000f\000i\000c\000a\000t\000i\000o\000n\000\040\000d\000e\000s\000\040\000b\000e\000s\000o\000i\000n\000s\000\040\000f\000o\000n\000c\000t\000i\000o\000n\000n\000e\000l\000s}{chapter.2}% 24
\BOOKMARK [1][-]{section.2.3}{\376\377\000S\000p\000\351\000c\000i\000f\000i\000c\000a\000t\000i\000o\000n\000\040\000d\000e\000s\000\040\000b\000e\000s\000o\000i\000n\000s\000\040\000n\000o\000n\000-\000f\000o\000n\000c\000t\000i\000o\000n\000n\000e\000l\000s}{chapter.2}% 25
\BOOKMARK [1][-]{section.2.4}{\376\377\000P\000r\000\351\000s\000e\000n\000t\000a\000t\000i\000o\000n\000\040\000d\000e\000s\000\040\000c\000a\000s\000\040\000d\040\031\000u\000t\000i\000l\000i\000s\000a\000t\000i\000o\000n}{chapter.2}% 26
\BOOKMARK [0][-]{chapter.3}{\376\377\000C\000h\000a\000p\000i\000t\000r\000e\000\040\0003\000:\000\040\000C\000o\000n\000c\000e\000p\000t\000i\000o\000n\000\040\000d\000u\000\040\000s\000y\000s\000t\000\350\000m\000e}{}% 27
\BOOKMARK [1][-]{section.3.1}{\376\377\000I\000n\000t\000r\000o\000d\000u\000c\000t\000i\000o\000n}{chapter.3}% 28
\BOOKMARK [1][-]{section.3.2}{\376\377\000M\000o\000d\000\351\000l\000i\000s\000a\000t\000i\000o\000n\000\040\000d\000y\000n\000a\000m\000i\000q\000u\000e}{chapter.3}% 29
\BOOKMARK [2][-]{subsection.3.2.1}{\376\377\000D\000i\000a\000g\000r\000a\000m\000m\000e\000\040\000d\000e\000\040\000s\000\351\000q\000u\000e\000n\000c\000e}{section.3.2}% 30
\BOOKMARK [2][-]{subsection.3.2.2}{\376\377\000D\000i\000a\000g\000r\000a\000m\000m\000e\000\040\000d\040\031\000a\000c\000t\000i\000v\000i\000t\000\351\000s}{section.3.2}% 31
\BOOKMARK [1][-]{section.3.3}{\376\377\000M\000o\000d\000\351\000l\000i\000s\000a\000t\000i\000o\000n\000\040\000s\000t\000a\000t\000i\000q\000u\000e}{chapter.3}% 32
\BOOKMARK [2][-]{subsection.3.3.1}{\376\377\000D\000i\000a\000g\000r\000a\000m\000m\000e\000\040\000d\000e\000\040\000c\000l\000a\000s\000s\000e\000s}{section.3.3}% 33
\BOOKMARK [2][-]{subsection.3.3.2}{\376\377\000M\000o\000d\000\350\000l\000e\000\040\000r\000e\000l\000a\000t\000i\000o\000n\000n\000e\000l}{section.3.3}% 34
\BOOKMARK [1][-]{section.3.4}{\376\377\000A\000r\000c\000h\000i\000t\000e\000c\000t\000u\000r\000e\000\040\000d\000u\000\040\000s\000y\000s\000t\000\350\000m\000e}{chapter.3}% 35
\BOOKMARK [2][-]{subsection.3.4.1}{\376\377\000A\000r\000c\000h\000i\000t\000e\000c\000t\000u\000r\000e\000\040\000l\000o\000g\000i\000c\000i\000e\000l\000l\000e}{section.3.4}% 36
\BOOKMARK [1][-]{section.3.5}{\376\377\000O\000u\000t\000i\000l\000s\000\040\000e\000t\000\040\000t\000e\000c\000h\000n\000o\000l\000o\000g\000i\000e\000s\000\040\000u\000t\000i\000l\000i\000s\000\351\000s}{chapter.3}% 37
\BOOKMARK [2][-]{subsection.3.5.1}{\376\377\000P\000y\000t\000h\000o\000n}{section.3.5}% 38
\BOOKMARK [2][-]{subsection.3.5.2}{\376\377\000T\000e\000n\000s\000o\000r\000F\000l\000o\000w\000\040\000/\000\040\000K\000e\000r\000a\000s}{section.3.5}% 39
\BOOKMARK [2][-]{subsection.3.5.3}{\376\377\000F\000l\000a\000s\000k}{section.3.5}% 40
\BOOKMARK [2][-]{subsection.3.5.4}{\376\377\000F\000l\000u\000t\000t\000e\000r\000\040\000e\000t\000\040\000D\000a\000r\000t}{section.3.5}% 41
\BOOKMARK [2][-]{subsection.3.5.5}{\376\377\000F\000i\000r\000e\000b\000a\000s\000e\000\040\000A\000u\000t\000h\000e\000n\000t\000i\000c\000a\000t\000i\000o\000n}{section.3.5}% 42
\BOOKMARK [2][-]{subsection.3.5.6}{\376\377\000P\000i\000p\000e\000l\000i\000n\000e\000s\000\040\000C\000I\000/\000C\000D}{section.3.5}% 43
\BOOKMARK [2][-]{subsection.3.5.7}{\376\377\000A\000z\000u\000r\000e\000\040\000M\000a\000c\000h\000i\000n\000e\000\040\000L\000e\000a\000r\000n\000i\000n\000g\000\040\000\050\000A\000z\000u\000r\000e\000\040\000M\000L\000\051}{section.3.5}% 44
\BOOKMARK [2][-]{subsection.3.5.8}{\376\377\000A\000z\000u\000r\000e\000\040\000A\000c\000t\000i\000v\000e\000\040\000D\000i\000r\000e\000c\000t\000o\000r\000y\000\040\000\050\000A\000z\000u\000r\000e\000\040\000A\000D\000\051}{section.3.5}% 45
\BOOKMARK [2][-]{subsection.3.5.9}{\376\377\000A\000z\000u\000r\000e\000\040\000D\000e\000v\000O\000p\000s}{section.3.5}% 46
\BOOKMARK [2][-]{subsection.3.5.10}{\376\377\000D\000o\000c\000k\000e\000r}{section.3.5}% 47
\BOOKMARK [2][-]{subsection.3.5.11}{\376\377\000V\000i\000s\000u\000a\000l\000\040\000S\000t\000u\000d\000i\000o\000\040\000C\000o\000d\000e\000\040\000\050\000V\000S\000\040\000C\000o\000d\000e\000\051}{section.3.5}% 48
\BOOKMARK [2][-]{subsection.3.5.12}{\376\377\000J\000i\000r\000a}{section.3.5}% 49
\BOOKMARK [2][-]{subsection.3.5.13}{\376\377\000M\000i\000c\000r\000o\000s\000o\000f\000t\000\040\000T\000e\000a\000m\000s}{section.3.5}% 50
\BOOKMARK [1][-]{section.3.6}{\376\377\000B\000e\000n\000c\000h\000m\000a\000r\000k\000i\000n\000g\000\040\000f\000o\000n\000c\000t\000i\000o\000n\000n\000e\000l}{chapter.3}% 51
\BOOKMARK [0][-]{chapter.4}{\376\377\000C\000h\000a\000p\000i\000t\000r\000e\000\040\0004\000:\000\040\000I\000m\000p\000l\000\351\000m\000e\000n\000t\000a\000t\000i\000o\000n\000\040\000e\000t\000\040\000r\000\351\000s\000u\000l\000t\000a\000t\000s}{}% 52
\BOOKMARK [1][-]{section.4.1}{\376\377\000I\000n\000t\000r\000o\000d\000u\000c\000t\000i\000o\000n}{chapter.4}% 53
\BOOKMARK [1][-]{section.4.2}{\376\377\000P\000r\000\351\000p\000a\000r\000a\000t\000i\000o\000n\000\040\000d\000e\000\040\000l\040\031\000e\000n\000v\000i\000r\000o\000n\000n\000e\000m\000e\000n\000t\000\040\000e\000t\000\040\000d\000e\000s\000\040\000d\000o\000n\000n\000\351\000e\000s}{chapter.4}% 54
\BOOKMARK [2][-]{subsection.4.2.1}{\376\377\000C\000o\000n\000f\000i\000g\000u\000r\000a\000t\000i\000o\000n\000\040\000d\000e\000\040\000l\040\031\000e\000n\000v\000i\000r\000o\000n\000n\000e\000m\000e\000n\000t\000\040\000d\000e\000\040\000d\000\351\000v\000e\000l\000o\000p\000p\000e\000m\000e\000n\000t}{section.4.2}% 55
\BOOKMARK [2][-]{subsection.4.2.2}{\376\377\000C\000o\000l\000l\000e\000c\000t\000e\000\040\000e\000t\000\040\000p\000r\000\351\000p\000a\000r\000a\000t\000i\000o\000n\000\040\000d\000e\000s\000\040\000d\000o\000n\000n\000\351\000e\000s}{section.4.2}% 56
\BOOKMARK [1][-]{section.4.3}{\376\377\000D\000\351\000v\000e\000l\000o\000p\000p\000e\000m\000e\000n\000t\000\040\000e\000t\000\040\000e\000n\000t\000r\000a\000\356\000n\000e\000m\000e\000n\000t\000\040\000d\000u\000\040\000m\000o\000d\000\350\000l\000e\000\040\000d\040\031\000I\000A}{chapter.4}% 57
\BOOKMARK [2][-]{subsection.4.3.1}{\376\377\000A\000r\000c\000h\000i\000t\000e\000c\000t\000u\000r\000e\000\040\000d\000u\000\040\000m\000o\000d\000\350\000l\000e}{section.4.3}% 58
\BOOKMARK [2][-]{subsection.4.3.2}{\376\377\000E\000n\000t\000r\000a\000\356\000n\000e\000m\000e\000n\000t\000\040\000s\000u\000r\000\040\000A\000z\000u\000r\000e\000\040\000M\000a\000c\000h\000i\000n\000e\000\040\000L\000e\000a\000r\000n\000i\000n\000g}{section.4.3}% 59
\BOOKMARK [1][-]{section.4.4}{\376\377\000D\000\351\000v\000e\000l\000o\000p\000p\000e\000m\000e\000n\000t\000\040\000d\000e\000\040\000l\040\031\000A\000P\000I\000\040\000e\000t\000\040\000d\000e\000\040\000l\040\031\000a\000p\000p\000l\000i\000c\000a\000t\000i\000o\000n\000\040\000m\000o\000b\000i\000l\000e}{chapter.4}% 60
\BOOKMARK [2][-]{subsection.4.4.1}{\376\377\000C\000r\000\351\000a\000t\000i\000o\000n\000\040\000d\000e\000\040\000l\040\031\000A\000P\000I\000\040\000F\000l\000a\000s\000k}{section.4.4}% 61
\BOOKMARK [2][-]{subsection.4.4.2}{\376\377\000D\000\351\000v\000e\000l\000o\000p\000p\000e\000m\000e\000n\000t\000\040\000d\000e\000\040\000l\040\031\000a\000p\000p\000l\000i\000c\000a\000t\000i\000o\000n\000\040\000m\000o\000b\000i\000l\000e\000\040\000a\000v\000e\000c\000\040\000F\000l\000u\000t\000t\000e\000r}{section.4.4}% 62
\BOOKMARK [1][-]{section.4.5}{\376\377\000D\000\351\000p\000l\000o\000i\000e\000m\000e\000n\000t\000\040\000e\000t\000\040\000i\000n\000t\000\351\000g\000r\000a\000t\000i\000o\000n\000\040\000c\000o\000n\000t\000i\000n\000u\000e\000\040\000\050\000C\000I\000/\000C\000D\000\051}{chapter.4}% 63
\BOOKMARK [2][-]{subsection.4.5.1}{\376\377\000P\000i\000p\000e\000l\000i\000n\000e\000s\000\040\000s\000u\000r\000\040\000A\000z\000u\000r\000e\000\040\000D\000e\000v\000O\000p\000s}{section.4.5}% 64
\BOOKMARK [2][-]{subsection.4.5.2}{\376\377\000D\000\351\000p\000l\000o\000i\000e\000m\000e\000n\000t\000\040\000s\000u\000r\000\040\000A\000z\000u\000r\000e}{section.4.5}% 65
\BOOKMARK [1][-]{section.4.6}{\376\377\000C\000o\000n\000c\000l\000u\000s\000i\000o\000n}{chapter.4}% 66
\BOOKMARK [0][-]{chapter*.69}{\376\377\000C\000o\000n\000c\000l\000u\000s\000i\000o\000n\000\040\000g\000\351\000n\000\351\000r\000a\000l\000e}{}% 67
\BOOKMARK [0][-]{appendix*.70}{\376\377\000A\000n\000n\000e\000x\000e\000s}{}% 68
