This is pdfTeX, Version 3.141592653-2.6-1.40.27 (MiKTeX 25.4) (preloaded format=pdflatex 2025.9.13)  14 SEP 2025 18:50
entering extended mode
 restricted \write18 enabled.
 file:line:error style messages enabled.
 %&-line parsing enabled.
**c:/Users/Soufiane/Documents/latex_PFE3/reportPFE.tex
(c:/Users/Soufiane/Documents/latex_PFE3/reportPFE.tex
LaTeX2e <2025-06-01> patch level 1
L3 programming layer <2025-08-13>
(C:\Users\Soufiane\AppData\Local\Programs\MiKTeX\tex/latex/base\report.cls
Document Class: report 2025/01/22 v1.4n Standard LaTeX document class
(C:\Users\Soufiane\AppData\Local\Programs\MiKTeX\tex/latex/base\size12.clo
File: size12.clo 2025/01/22 v1.4n Standard LaTeX file (size option)
)
\c@part=\count275
\c@chapter=\count276
\c@section=\count277
\c@subsection=\count278
\c@subsubsection=\count279
\c@paragraph=\count280
\c@subparagraph=\count281
\c@figure=\count282
\c@table=\count283
\abovecaptionskip=\skip49
\belowcaptionskip=\skip50
\bibindent=\dimen148
) (C:\Users\Soufiane\AppData\Local\Programs\MiKTeX\tex/latex/base\inputenc.sty
Package: inputenc 2024/02/08 v1.3d Input encoding file
\inpenc@prehook=\toks17
\inpenc@posthook=\toks18
) (C:\Users\Soufiane\AppData\Local\Programs\MiKTeX\tex/latex/base\fontenc.sty
Package: fontenc 2024/12/21 v2.1c Standard LaTeX package
) (C:\Users\Soufiane\AppData\Local\Programs\MiKTeX\tex/generic/babel\babel.sty
Package: babel 2025/08/03 v25.12 The multilingual framework for LuaLaTeX, pdfLaTeX and XeLaTeX
\babel@savecnt=\count284
LaTeX Encoding Info:    Redeclaring text command \ij (encoding OT1) on input line 2045.
LaTeX Encoding Info:    Redeclaring text command \IJ (encoding OT1) on input line 2047.
LaTeX Encoding Info:    Redeclaring text command \ij (encoding T1) on input line 2049.
LaTeX Encoding Info:    Redeclaring text command \IJ (encoding T1) on input line 2050.
LaTeX Encoding Info:    Ignoring declaration for text command \ij (encoding ?) on input line 2051.
LaTeX Encoding Info:    Ignoring declaration for text command \IJ (encoding ?) on input line 2053.
LaTeX Encoding Info:    Ignoring declaration for text command \SS (encoding ?) on input line 2078.
\U@D=\dimen149
\l@unhyphenated=\language79
 (C:\Users\Soufiane\AppData\Local\Programs\MiKTeX\tex/generic/babel\txtbabel.def)
\bbl@readstream=\read2
\bbl@dirlevel=\count285

*************************************
* Local config file bblopts.cfg used
*
(C:\Users\Soufiane\AppData\Local\Programs\MiKTeX\tex/latex/arabi\bblopts.cfg
File: bblopts.cfg 2005/09/08 v0.1 add Arabic and Farsi to "declared" options of babel
) (C:\Users\Soufiane\AppData\Local\Programs\MiKTeX\tex/generic/babel-french\french.ldf
Language: french 2025-08-15 v4.0e French support from the babel system
 (C:\Users\Soufiane\AppData\Local\Programs\MiKTeX\tex/generic/babel/locale/fr\babel-french.tex
Package babel Info: Importing font and identification data for french
(babel)             from babel-fr.ini. Reported on input line 12.
) (C:\Users\Soufiane\AppData\Local\Programs\MiKTeX\tex/generic/babel-french\french3.ldf
Language: french 2025-08-15 v3.7e French support from the babel system
\FB@stdchar=\count286
Package babel Info: Making : an active character on input line 273.
Package babel Info: Making ; an active character on input line 274.
Package babel Info: Making ! an active character on input line 275.
Package babel Info: Making ? an active character on input line 276.
\FBguill@level=\count287
\FBold@everypar=\toks19
\FB@Mht=\dimen150
\mc@charclass=\count288
\mc@charfam=\count289
\mc@charslot=\count290
\std@mcc=\count291
\dec@mcc=\count292
\FB@pardim=\dimen151
\listindentFB=\dimen152
\descindentFB=\dimen153
\labelindentFB=\dimen154
\labelwidthFB=\dimen155
\leftmarginFB=\dimen156
\parindentFFN=\dimen157
\FBfnindent=\dimen158
))) (C:\Users\Soufiane\AppData\Local\Programs\MiKTeX\tex/latex/carlisle\scalefnt.sty) (C:\Users\Soufiane\AppData\Local\Programs\MiKTeX\tex/latex/lm\lmodern.sty
Package: lmodern 2015/05/01 v1.6.1 Latin Modern Fonts
LaTeX Font Info:    Overwriting symbol font `operators' in version `normal'
(Font)                  OT1/cmr/m/n --> OT1/lmr/m/n on input line 22.
LaTeX Font Info:    Overwriting symbol font `letters' in version `normal'
(Font)                  OML/cmm/m/it --> OML/lmm/m/it on input line 23.
LaTeX Font Info:    Overwriting symbol font `symbols' in version `normal'
(Font)                  OMS/cmsy/m/n --> OMS/lmsy/m/n on input line 24.
LaTeX Font Info:    Overwriting symbol font `largesymbols' in version `normal'
(Font)                  OMX/cmex/m/n --> OMX/lmex/m/n on input line 25.
LaTeX Font Info:    Overwriting symbol font `operators' in version `bold'
(Font)                  OT1/cmr/bx/n --> OT1/lmr/bx/n on input line 26.
LaTeX Font Info:    Overwriting symbol font `letters' in version `bold'
(Font)                  OML/cmm/b/it --> OML/lmm/b/it on input line 27.
LaTeX Font Info:    Overwriting symbol font `symbols' in version `bold'
(Font)                  OMS/cmsy/b/n --> OMS/lmsy/b/n on input line 28.
LaTeX Font Info:    Overwriting symbol font `largesymbols' in version `bold'
(Font)                  OMX/cmex/m/n --> OMX/lmex/m/n on input line 29.
LaTeX Font Info:    Overwriting math alphabet `\mathbf' in version `normal'
(Font)                  OT1/cmr/bx/n --> OT1/lmr/bx/n on input line 31.
LaTeX Font Info:    Overwriting math alphabet `\mathsf' in version `normal'
(Font)                  OT1/cmss/m/n --> OT1/lmss/m/n on input line 32.
LaTeX Font Info:    Overwriting math alphabet `\mathit' in version `normal'
(Font)                  OT1/cmr/m/it --> OT1/lmr/m/it on input line 33.
LaTeX Font Info:    Overwriting math alphabet `\mathtt' in version `normal'
(Font)                  OT1/cmtt/m/n --> OT1/lmtt/m/n on input line 34.
LaTeX Font Info:    Overwriting math alphabet `\mathbf' in version `bold'
(Font)                  OT1/cmr/bx/n --> OT1/lmr/bx/n on input line 35.
LaTeX Font Info:    Overwriting math alphabet `\mathsf' in version `bold'
(Font)                  OT1/cmss/bx/n --> OT1/lmss/bx/n on input line 36.
LaTeX Font Info:    Overwriting math alphabet `\mathit' in version `bold'
(Font)                  OT1/cmr/bx/it --> OT1/lmr/bx/it on input line 37.
LaTeX Font Info:    Overwriting math alphabet `\mathtt' in version `bold'
(Font)                  OT1/cmtt/m/n --> OT1/lmtt/m/n on input line 38.
) (C:\Users\Soufiane\AppData\Local\Programs\MiKTeX\tex/latex/amsmath\amsmath.sty
Package: amsmath 2025/06/16 v2.17y AMS math features
\@mathmargin=\skip51

For additional information on amsmath, use the `?' option.
(C:\Users\Soufiane\AppData\Local\Programs\MiKTeX\tex/latex/amsmath\amstext.sty
Package: amstext 2024/11/17 v2.01 AMS text
 (C:\Users\Soufiane\AppData\Local\Programs\MiKTeX\tex/latex/amsmath\amsgen.sty
File: amsgen.sty 1999/11/30 v2.0 generic functions
\@emptytoks=\toks20
\ex@=\dimen159
)) (C:\Users\Soufiane\AppData\Local\Programs\MiKTeX\tex/latex/amsmath\amsbsy.sty
Package: amsbsy 1999/11/29 v1.2d Bold Symbols
\pmbraise@=\dimen160
) (C:\Users\Soufiane\AppData\Local\Programs\MiKTeX\tex/latex/amsmath\amsopn.sty
Package: amsopn 2022/04/08 v2.04 operator names
)
\inf@bad=\count293
LaTeX Info: Redefining \frac on input line 233.
\uproot@=\count294
\leftroot@=\count295
LaTeX Info: Redefining \overline on input line 398.
LaTeX Info: Redefining \colon on input line 409.
\classnum@=\count296
\DOTSCASE@=\count297
LaTeX Info: Redefining \ldots on input line 495.
LaTeX Info: Redefining \dots on input line 498.
LaTeX Info: Redefining \cdots on input line 619.
\Mathstrutbox@=\box53
\strutbox@=\box54
LaTeX Info: Redefining \big on input line 721.
LaTeX Info: Redefining \Big on input line 722.
LaTeX Info: Redefining \bigg on input line 723.
LaTeX Info: Redefining \Bigg on input line 724.
\big@size=\dimen161
LaTeX Font Info:    Redeclaring font encoding OML on input line 742.
LaTeX Font Info:    Redeclaring font encoding OMS on input line 743.
\macc@depth=\count298
LaTeX Info: Redefining \bmod on input line 904.
LaTeX Info: Redefining \pmod on input line 909.
LaTeX Info: Redefining \smash on input line 939.
LaTeX Info: Redefining \relbar on input line 969.
LaTeX Info: Redefining \Relbar on input line 970.
\c@MaxMatrixCols=\count299
\dotsspace@=\muskip17
\c@parentequation=\count300
\dspbrk@lvl=\count301
\tag@help=\toks21
\row@=\count302
\column@=\count303
\maxfields@=\count304
\andhelp@=\toks22
\eqnshift@=\dimen162
\alignsep@=\dimen163
\tagshift@=\dimen164
\tagwidth@=\dimen165
\totwidth@=\dimen166
\lineht@=\dimen167
\@envbody=\toks23
\multlinegap=\skip52
\multlinetaggap=\skip53
\mathdisplay@stack=\toks24
LaTeX Info: Redefining \[ on input line 2949.
LaTeX Info: Redefining \] on input line 2950.
) (C:\Users\Soufiane\AppData\Local\Programs\MiKTeX\tex/latex/amsfonts\amssymb.sty
Package: amssymb 2013/01/14 v3.01 AMS font symbols
 (C:\Users\Soufiane\AppData\Local\Programs\MiKTeX\tex/latex/amsfonts\amsfonts.sty
Package: amsfonts 2013/01/14 v3.01 Basic AMSFonts support
\symAMSa=\mathgroup4
\symAMSb=\mathgroup5
LaTeX Font Info:    Redeclaring math symbol \hbar on input line 98.
LaTeX Font Info:    Overwriting math alphabet `\mathfrak' in version `bold'
(Font)                  U/euf/m/n --> U/euf/b/n on input line 106.
)) (C:\Users\Soufiane\AppData\Local\Programs\MiKTeX\tex/latex/amscls\amsthm.sty
Package: amsthm 2020/05/29 v2.20.6
\thm@style=\toks25
\thm@bodyfont=\toks26
\thm@headfont=\toks27
\thm@notefont=\toks28
\thm@headpunct=\toks29
\thm@preskip=\skip54
\thm@postskip=\skip55
\thm@headsep=\skip56
\dth@everypar=\toks30
) (C:\Users\Soufiane\AppData\Local\Programs\MiKTeX\tex/generic/iftex\iftex.sty
Package: iftex 2024/12/12 v1.0g TeX engine tests
) (C:\Users\Soufiane\AppData\Local\Programs\MiKTeX\tex/latex/geometry\geometry.sty
Package: geometry 2020/01/02 v5.9 Page Geometry
 (C:\Users\Soufiane\AppData\Local\Programs\MiKTeX\tex/latex/graphics\keyval.sty
Package: keyval 2022/05/29 v1.15 key=value parser (DPC)
\KV@toks@=\toks31
) (C:\Users\Soufiane\AppData\Local\Programs\MiKTeX\tex/generic/iftex\ifvtex.sty
Package: ifvtex 2019/10/25 v1.7 ifvtex legacy package. Use iftex instead.
)
\Gm@cnth=\count305
\Gm@cntv=\count306
\c@Gm@tempcnt=\count307
\Gm@bindingoffset=\dimen168
\Gm@wd@mp=\dimen169
\Gm@odd@mp=\dimen170
\Gm@even@mp=\dimen171
\Gm@layoutwidth=\dimen172
\Gm@layoutheight=\dimen173
\Gm@layouthoffset=\dimen174
\Gm@layoutvoffset=\dimen175
\Gm@dimlist=\toks32
 (C:\Users\Soufiane\AppData\Local\Programs\MiKTeX\tex/latex/geometry\geometry.cfg)) (C:\Users\Soufiane\AppData\Local\Programs\MiKTeX\tex/latex/setspace\setspace.sty
Package: setspace 2022/12/04 v6.7b set line spacing
) (C:\Users\Soufiane\AppData\Local\Programs\MiKTeX\tex/latex/emptypage\emptypage.sty
Package: emptypage 2010/05/30 v1.2 Suppress page numbers and headings on empty pages
) (C:\Users\Soufiane\AppData\Local\Programs\MiKTeX\tex/latex/graphics\graphicx.sty
Package: graphicx 2024/12/31 v1.2e Enhanced LaTeX Graphics (DPC,SPQR)
 (C:\Users\Soufiane\AppData\Local\Programs\MiKTeX\tex/latex/graphics\graphics.sty
Package: graphics 2024/08/06 v1.4g Standard LaTeX Graphics (DPC,SPQR)
 (C:\Users\Soufiane\AppData\Local\Programs\MiKTeX\tex/latex/graphics\trig.sty
Package: trig 2023/12/02 v1.11 sin cos tan (DPC)
) (C:\Users\Soufiane\AppData\Local\Programs\MiKTeX\tex/latex/graphics-cfg\graphics.cfg
File: graphics.cfg 2016/06/04 v1.11 sample graphics configuration
)
Package graphics Info: Driver file: pdftex.def on input line 106.
 (C:\Users\Soufiane\AppData\Local\Programs\MiKTeX\tex/latex/graphics-def\pdftex.def
File: pdftex.def 2024/04/13 v1.2c Graphics/color driver for pdftex
))
\Gin@req@height=\dimen176
\Gin@req@width=\dimen177
) (C:\Users\Soufiane\AppData\Local\Programs\MiKTeX\tex/latex/float\float.sty
Package: float 2001/11/08 v1.3d Float enhancements (AL)
\c@float@type=\count308
\float@exts=\toks33
\float@box=\box55
\@float@everytoks=\toks34
\@floatcapt=\box56
) (C:\Users\Soufiane\AppData\Local\Programs\MiKTeX\tex/latex/caption\subcaption.sty
Package: subcaption 2023/07/28 v1.6b Sub-captions (AR)
 (C:\Users\Soufiane\AppData\Local\Programs\MiKTeX\tex/latex/caption\caption.sty
Package: caption 2023/08/05 v3.6o Customizing captions (AR)
 (C:\Users\Soufiane\AppData\Local\Programs\MiKTeX\tex/latex/caption\caption3.sty
Package: caption3 2023/07/31 v2.4d caption3 kernel (AR)
\caption@tempdima=\dimen178
\captionmargin=\dimen179
\caption@leftmargin=\dimen180
\caption@rightmargin=\dimen181
\caption@width=\dimen182
\caption@indent=\dimen183
\caption@parindent=\dimen184
\caption@hangindent=\dimen185
Package caption Info: Standard document class detected.
Package caption Info: french babel package is loaded.
)
\c@caption@flags=\count309
\c@continuedfloat=\count310
Package caption Info: float package is loaded.
)
Package caption Info: New subtype `subfigure' on input line 238.
\c@subfigure=\count311
Package caption Info: New subtype `subtable' on input line 238.
\c@subtable=\count312
) (C:\Users\Soufiane\AppData\Local\Programs\MiKTeX\tex/latex/wrapfig\wrapfig.sty
\wrapoverhang=\dimen186
\WF@size=\dimen187
\c@WF@wrappedlines=\count313
\WF@box=\box57
\WF@everypar=\toks35
Package: wrapfig 2003/01/31  v 3.6
) (C:\Users\Soufiane\AppData\Local\Programs\MiKTeX\tex/latex/microtype\microtype.sty
Package: microtype 2025/07/09 v3.2b Micro-typographical refinements (RS)
 (C:\Users\Soufiane\AppData\Local\Programs\MiKTeX\tex/latex/etoolbox\etoolbox.sty
Package: etoolbox 2025/02/11 v2.5l e-TeX tools for LaTeX (JAW)
\etb@tempcnta=\count314
)
\MT@toks=\toks36
\MT@tempbox=\box58
\MT@count=\count315
LaTeX Info: Redefining \noprotrusionifhmode on input line 1087.
LaTeX Info: Redefining \leftprotrusion on input line 1088.
\MT@prot@toks=\toks37
LaTeX Info: Redefining \rightprotrusion on input line 1107.
LaTeX Info: Redefining \textls on input line 1449.
\MT@outer@kern=\dimen188
LaTeX Info: Redefining \microtypecontext on input line 2053.
LaTeX Info: Redefining \textmicrotypecontext on input line 2070.
\MT@listname@count=\count316
 (C:\Users\Soufiane\AppData\Local\Programs\MiKTeX\tex/latex/microtype\microtype-pdftex.def
File: microtype-pdftex.def 2025/07/09 v3.2b Definitions specific to pdftex (RS)
LaTeX Info: Redefining \lsstyle on input line 944.
LaTeX Info: Redefining \lslig on input line 944.
\MT@outer@space=\skip57
)
Package microtype Info: Loading configuration file microtype.cfg.
 (C:\Users\Soufiane\AppData\Local\Programs\MiKTeX\tex/latex/microtype\microtype.cfg
File: microtype.cfg 2025/07/09 v3.2b microtype main configuration file (RS)
)
LaTeX Info: Redefining \microtypesetup on input line 3065.
) (C:\Users\Soufiane\AppData\Local\Programs\MiKTeX\tex/latex/xcolor\xcolor.sty
Package: xcolor 2024/09/29 v3.02 LaTeX color extensions (UK)
 (C:\Users\Soufiane\AppData\Local\Programs\MiKTeX\tex/latex/graphics-cfg\color.cfg
File: color.cfg 2016/01/02 v1.6 sample color configuration
)
Package xcolor Info: Driver file: pdftex.def on input line 274.
 (C:\Users\Soufiane\AppData\Local\Programs\MiKTeX\tex/latex/graphics\mathcolor.ltx)
Package xcolor Info: Model `cmy' substituted by `cmy0' on input line 1349.
Package xcolor Info: Model `hsb' substituted by `rgb' on input line 1353.
Package xcolor Info: Model `RGB' extended on input line 1365.
Package xcolor Info: Model `HTML' substituted by `rgb' on input line 1367.
Package xcolor Info: Model `Hsb' substituted by `hsb' on input line 1368.
Package xcolor Info: Model `tHsb' substituted by `hsb' on input line 1369.
Package xcolor Info: Model `HSB' substituted by `hsb' on input line 1370.
Package xcolor Info: Model `Gray' substituted by `gray' on input line 1371.
Package xcolor Info: Model `wave' substituted by `hsb' on input line 1372.
) (C:\Users\Soufiane\AppData\Local\Programs\MiKTeX\tex/latex/graphics\dvipsnam.def
File: dvipsnam.def 2016/06/17 v3.0m Driver-dependent file (DPC,SPQR)
) (C:\Users\Soufiane\AppData\Local\Programs\MiKTeX\tex/latex/colortbl\colortbl.sty
Package: colortbl 2024/10/29 v1.0k Color table columns (DPC)
 (C:\Users\Soufiane\AppData\Local\Programs\MiKTeX\tex/latex/tools\array.sty
Package: array 2025/06/08 v2.6j Tabular extension package (FMi)
\col@sep=\dimen189
\ar@mcellbox=\box59
\extrarowheight=\dimen190
\NC@list=\toks38
\extratabsurround=\skip58
\backup@length=\skip59
\ar@cellbox=\box60
)
\everycr=\toks39
\minrowclearance=\skip60
\rownum=\count317
) (C:\Users\Soufiane\AppData\Local\Programs\MiKTeX\tex/latex/booktabs\booktabs.sty
Package: booktabs 2020/01/12 v1.61803398 Publication quality tables
\heavyrulewidth=\dimen191
\lightrulewidth=\dimen192
\cmidrulewidth=\dimen193
\belowrulesep=\dimen194
\belowbottomsep=\dimen195
\aboverulesep=\dimen196
\abovetopsep=\dimen197
\cmidrulesep=\dimen198
\cmidrulekern=\dimen199
\defaultaddspace=\dimen256
\@cmidla=\count318
\@cmidlb=\count319
\@aboverulesep=\dimen257
\@belowrulesep=\dimen258
\@thisruleclass=\count320
\@lastruleclass=\count321
\@thisrulewidth=\dimen259
) (C:\Users\Soufiane\AppData\Local\Programs\MiKTeX\tex/latex/tools\longtable.sty
Package: longtable 2024-12-18 v4.23 Multi-page Table package (DPC)
\LTleft=\skip61
\LTright=\skip62
\LTpre=\skip63
\LTpost=\skip64
\LTchunksize=\count322
\LTcapwidth=\dimen260
\LT@head=\box61
\LT@firsthead=\box62
\LT@foot=\box63
\LT@lastfoot=\box64
\LT@gbox=\box65
\LT@cols=\count323
\LT@rows=\count324
\c@LT@tables=\count325
\c@LT@chunks=\count326
\LT@p@ftn=\toks40
) (C:\Users\Soufiane\AppData\Local\Programs\MiKTeX\tex/latex/tools\tabularx.sty
Package: tabularx 2023/12/11 v2.12a `tabularx' package (DPC)
\TX@col@width=\dimen261
\TX@old@table=\dimen262
\TX@old@col=\dimen263
\TX@target=\dimen264
\TX@delta=\dimen265
\TX@cols=\count327
\TX@ftn=\toks41
) (C:\Users\Soufiane\AppData\Local\Programs\MiKTeX\tex/latex/multirow\multirow.sty
Package: multirow 2024/11/12 v2.9 Span multiple rows of a table
\multirow@colwidth=\skip65
\multirow@cntb=\count328
\multirow@dima=\skip66
\bigstrutjot=\dimen266
) (C:\Users\Soufiane\AppData\Local\Programs\MiKTeX\tex/latex/tools\hhline.sty
Package: hhline 2020/01/04 v2.04 Table rule package (DPC)
) (C:\Users\Soufiane\AppData\Local\Programs\MiKTeX\tex/latex/tools\calc.sty
Package: calc 2025/03/01 v4.3b Infix arithmetic (KKT,FJ)
\calc@Acount=\count329
\calc@Bcount=\count330
\calc@Adimen=\dimen267
\calc@Bdimen=\dimen268
\calc@Askip=\skip67
\calc@Bskip=\skip68
LaTeX Info: Redefining \setlength on input line 86.
LaTeX Info: Redefining \addtolength on input line 87.
\calc@Ccount=\count331
\calc@Cskip=\skip69
) (C:\Users\Soufiane\AppData\Local\Programs\MiKTeX\tex/latex/mdframed\mdframed.sty
Package: mdframed 2013/07/01 1.9b: mdframed
 (C:\Users\Soufiane\AppData\Local\Programs\MiKTeX\tex/latex/kvoptions\kvoptions.sty
Package: kvoptions 2022-06-15 v3.15 Key value format for package options (HO)
 (C:\Users\Soufiane\AppData\Local\Programs\MiKTeX\tex/generic/ltxcmds\ltxcmds.sty
Package: ltxcmds 2023-12-04 v1.26 LaTeX kernel commands for general use (HO)
) (C:\Users\Soufiane\AppData\Local\Programs\MiKTeX\tex/latex/kvsetkeys\kvsetkeys.sty
Package: kvsetkeys 2022-10-05 v1.19 Key value parser (HO)
)) (C:\Users\Soufiane\AppData\Local\Programs\MiKTeX\tex/latex/l3packages/xparse\xparse.sty (C:\Users\Soufiane\AppData\Local\Programs\MiKTeX\tex/latex/l3kernel\expl3.sty
Package: expl3 2025-08-13 L3 programming layer (loader) 
 (C:\Users\Soufiane\AppData\Local\Programs\MiKTeX\tex/latex/l3backend\l3backend-pdftex.def
File: l3backend-pdftex.def 2025-06-09 L3 backend support: PDF output (pdfTeX)
\l__color_backend_stack_int=\count332
))
Package: xparse 2024-08-16 L3 Experimental document command parser
) (C:\Users\Soufiane\AppData\Local\Programs\MiKTeX\tex/latex/zref\zref-abspage.sty
Package: zref-abspage 2025-06-08 v2.36 Module abspage for zref (HO)
 (C:\Users\Soufiane\AppData\Local\Programs\MiKTeX\tex/latex/zref\zref-base.sty
Package: zref-base 2025-06-08 v2.36 Module base for zref (HO)
 (C:\Users\Soufiane\AppData\Local\Programs\MiKTeX\tex/generic/infwarerr\infwarerr.sty
Package: infwarerr 2019/12/03 v1.5 Providing info/warning/error messages (HO)
) (C:\Users\Soufiane\AppData\Local\Programs\MiKTeX\tex/generic/kvdefinekeys\kvdefinekeys.sty
Package: kvdefinekeys 2019-12-19 v1.6 Define keys (HO)
) (C:\Users\Soufiane\AppData\Local\Programs\MiKTeX\tex/generic/pdftexcmds\pdftexcmds.sty
Package: pdftexcmds 2020-06-27 v0.33 Utility functions of pdfTeX for LuaTeX (HO)
Package pdftexcmds Info: \pdf@primitive is available.
Package pdftexcmds Info: \pdf@ifprimitive is available.
Package pdftexcmds Info: \pdfdraftmode found.
) (C:\Users\Soufiane\AppData\Local\Programs\MiKTeX\tex/generic/etexcmds\etexcmds.sty
Package: etexcmds 2019/12/15 v1.7 Avoid name clashes with e-TeX commands (HO)
) (C:\Users\Soufiane\AppData\Local\Programs\MiKTeX\tex/latex/auxhook\auxhook.sty
Package: auxhook 2019-12-17 v1.6 Hooks for auxiliary files (HO)
)
Package zref Info: New property list: main on input line 767.
Package zref Info: New property: default on input line 768.
Package zref Info: New property: page on input line 769.
)
\c@abspage=\count333
Package zref Info: New property: abspage on input line 67.
) (C:\Users\Soufiane\AppData\Local\Programs\MiKTeX\tex/latex/needspace\needspace.sty
Package: needspace 2025/03/13 v1.3e reserve vertical space
)
\mdf@templength=\skip70
\c@mdf@globalstyle@cnt=\count334
\mdf@skipabove@length=\skip71
\mdf@skipbelow@length=\skip72
\mdf@leftmargin@length=\skip73
\mdf@rightmargin@length=\skip74
\mdf@innerleftmargin@length=\skip75
\mdf@innerrightmargin@length=\skip76
\mdf@innertopmargin@length=\skip77
\mdf@innerbottommargin@length=\skip78
\mdf@splittopskip@length=\skip79
\mdf@splitbottomskip@length=\skip80
\mdf@outermargin@length=\skip81
\mdf@innermargin@length=\skip82
\mdf@linewidth@length=\skip83
\mdf@innerlinewidth@length=\skip84
\mdf@middlelinewidth@length=\skip85
\mdf@outerlinewidth@length=\skip86
\mdf@roundcorner@length=\skip87
\mdf@footenotedistance@length=\skip88
\mdf@userdefinedwidth@length=\skip89
\mdf@needspace@length=\skip90
\mdf@frametitleaboveskip@length=\skip91
\mdf@frametitlebelowskip@length=\skip92
\mdf@frametitlerulewidth@length=\skip93
\mdf@frametitleleftmargin@length=\skip94
\mdf@frametitlerightmargin@length=\skip95
\mdf@shadowsize@length=\skip96
\mdf@extratopheight@length=\skip97
\mdf@subtitleabovelinewidth@length=\skip98
\mdf@subtitlebelowlinewidth@length=\skip99
\mdf@subtitleaboveskip@length=\skip100
\mdf@subtitlebelowskip@length=\skip101
\mdf@subtitleinneraboveskip@length=\skip102
\mdf@subtitleinnerbelowskip@length=\skip103
\mdf@subsubtitleabovelinewidth@length=\skip104
\mdf@subsubtitlebelowlinewidth@length=\skip105
\mdf@subsubtitleaboveskip@length=\skip106
\mdf@subsubtitlebelowskip@length=\skip107
\mdf@subsubtitleinneraboveskip@length=\skip108
\mdf@subsubtitleinnerbelowskip@length=\skip109
 (C:\Users\Soufiane\AppData\Local\Programs\MiKTeX\tex/latex/pgf/frontendlayer\tikz.sty (C:\Users\Soufiane\AppData\Local\Programs\MiKTeX\tex/latex/pgf/basiclayer\pgf.sty (C:\Users\Soufiane\AppData\Local\Programs\MiKTeX\tex/latex/pgf/utilities\pgfrcs.sty (C:\Users\Soufiane\AppData\Local\Programs\MiKTeX\tex/generic/pgf/utilities\pgfutil-common.tex
\pgfutil@everybye=\toks42
\pgfutil@tempdima=\dimen269
\pgfutil@tempdimb=\dimen270
) (C:\Users\Soufiane\AppData\Local\Programs\MiKTeX\tex/generic/pgf/utilities\pgfutil-latex.def
\pgfutil@abb=\box66
) (C:\Users\Soufiane\AppData\Local\Programs\MiKTeX\tex/generic/pgf/utilities\pgfrcs.code.tex (C:\Users\Soufiane\AppData\Local\Programs\MiKTeX\tex/generic/pgf\pgf.revision.tex)
Package: pgfrcs 2025-08-29 v3.1.11a (3.1.11a)
))
Package: pgf 2025-08-29 v3.1.11a (3.1.11a)
 (C:\Users\Soufiane\AppData\Local\Programs\MiKTeX\tex/latex/pgf/basiclayer\pgfcore.sty (C:\Users\Soufiane\AppData\Local\Programs\MiKTeX\tex/latex/pgf/systemlayer\pgfsys.sty (C:\Users\Soufiane\AppData\Local\Programs\MiKTeX\tex/generic/pgf/systemlayer\pgfsys.code.tex
Package: pgfsys 2025-08-29 v3.1.11a (3.1.11a)
 (C:\Users\Soufiane\AppData\Local\Programs\MiKTeX\tex/generic/pgf/utilities\pgfkeys.code.tex
\pgfkeys@pathtoks=\toks43
\pgfkeys@temptoks=\toks44
 (C:\Users\Soufiane\AppData\Local\Programs\MiKTeX\tex/generic/pgf/utilities\pgfkeyslibraryfiltered.code.tex
\pgfkeys@tmptoks=\toks45
))
\pgf@x=\dimen271
\pgf@y=\dimen272
\pgf@xa=\dimen273
\pgf@ya=\dimen274
\pgf@xb=\dimen275
\pgf@yb=\dimen276
\pgf@xc=\dimen277
\pgf@yc=\dimen278
\pgf@xd=\dimen279
\pgf@yd=\dimen280
\w@pgf@writea=\write3
\r@pgf@reada=\read3
\c@pgf@counta=\count335
\c@pgf@countb=\count336
\c@pgf@countc=\count337
\c@pgf@countd=\count338
\t@pgf@toka=\toks46
\t@pgf@tokb=\toks47
\t@pgf@tokc=\toks48
\pgf@sys@id@count=\count339
 (C:\Users\Soufiane\AppData\Local\Programs\MiKTeX\tex/generic/pgf/systemlayer\pgf.cfg
File: pgf.cfg 2025-08-29 v3.1.11a (3.1.11a)
)
Driver file for pgf: pgfsys-pdftex.def
 (C:\Users\Soufiane\AppData\Local\Programs\MiKTeX\tex/generic/pgf/systemlayer\pgfsys-pdftex.def
File: pgfsys-pdftex.def 2025-08-29 v3.1.11a (3.1.11a)
 (C:\Users\Soufiane\AppData\Local\Programs\MiKTeX\tex/generic/pgf/systemlayer\pgfsys-common-pdf.def
File: pgfsys-common-pdf.def 2025-08-29 v3.1.11a (3.1.11a)
))) (C:\Users\Soufiane\AppData\Local\Programs\MiKTeX\tex/generic/pgf/systemlayer\pgfsyssoftpath.code.tex
File: pgfsyssoftpath.code.tex 2025-08-29 v3.1.11a (3.1.11a)
\pgfsyssoftpath@smallbuffer@items=\count340
\pgfsyssoftpath@bigbuffer@items=\count341
) (C:\Users\Soufiane\AppData\Local\Programs\MiKTeX\tex/generic/pgf/systemlayer\pgfsysprotocol.code.tex
File: pgfsysprotocol.code.tex 2025-08-29 v3.1.11a (3.1.11a)
)) (C:\Users\Soufiane\AppData\Local\Programs\MiKTeX\tex/generic/pgf/basiclayer\pgfcore.code.tex
Package: pgfcore 2025-08-29 v3.1.11a (3.1.11a)
 (C:\Users\Soufiane\AppData\Local\Programs\MiKTeX\tex/generic/pgf/math\pgfmath.code.tex (C:\Users\Soufiane\AppData\Local\Programs\MiKTeX\tex/generic/pgf/math\pgfmathutil.code.tex) (C:\Users\Soufiane\AppData\Local\Programs\MiKTeX\tex/generic/pgf/math\pgfmathparser.code.tex
\pgfmath@dimen=\dimen281
\pgfmath@count=\count342
\pgfmath@box=\box67
\pgfmath@toks=\toks49
\pgfmath@stack@operand=\toks50
\pgfmath@stack@operation=\toks51
) (C:\Users\Soufiane\AppData\Local\Programs\MiKTeX\tex/generic/pgf/math\pgfmathfunctions.code.tex) (C:\Users\Soufiane\AppData\Local\Programs\MiKTeX\tex/generic/pgf/math\pgfmathfunctions.basic.code.tex) (C:\Users\Soufiane\AppData\Local\Programs\MiKTeX\tex/generic/pgf/math\pgfmathfunctions.trigonometric.code.tex) (C:\Users\Soufiane\AppData\Local\Programs\MiKTeX\tex/generic/pgf/math\pgfmathfunctions.random.code.tex) (C:\Users\Soufiane\AppData\Local\Programs\MiKTeX\tex/generic/pgf/math\pgfmathfunctions.comparison.code.tex) (C:\Users\Soufiane\AppData\Local\Programs\MiKTeX\tex/generic/pgf/math\pgfmathfunctions.base.code.tex) (C:\Users\Soufiane\AppData\Local\Programs\MiKTeX\tex/generic/pgf/math\pgfmathfunctions.round.code.tex) (C:\Users\Soufiane\AppData\Local\Programs\MiKTeX\tex/generic/pgf/math\pgfmathfunctions.misc.code.tex) (C:\Users\Soufiane\AppData\Local\Programs\MiKTeX\tex/generic/pgf/math\pgfmathfunctions.integerarithmetics.code.tex) (C:\Users\Soufiane\AppData\Local\Programs\MiKTeX\tex/generic/pgf/math\pgfmathcalc.code.tex) (C:\Users\Soufiane\AppData\Local\Programs\MiKTeX\tex/generic/pgf/math\pgfmathfloat.code.tex
\c@pgfmathroundto@lastzeros=\count343
)) (C:\Users\Soufiane\AppData\Local\Programs\MiKTeX\tex/generic/pgf/math\pgfint.code.tex) (C:\Users\Soufiane\AppData\Local\Programs\MiKTeX\tex/generic/pgf/basiclayer\pgfcorepoints.code.tex
File: pgfcorepoints.code.tex 2025-08-29 v3.1.11a (3.1.11a)
\pgf@picminx=\dimen282
\pgf@picmaxx=\dimen283
\pgf@picminy=\dimen284
\pgf@picmaxy=\dimen285
\pgf@pathminx=\dimen286
\pgf@pathmaxx=\dimen287
\pgf@pathminy=\dimen288
\pgf@pathmaxy=\dimen289
\pgf@xx=\dimen290
\pgf@xy=\dimen291
\pgf@yx=\dimen292
\pgf@yy=\dimen293
\pgf@zx=\dimen294
\pgf@zy=\dimen295
) (C:\Users\Soufiane\AppData\Local\Programs\MiKTeX\tex/generic/pgf/basiclayer\pgfcorepathconstruct.code.tex
File: pgfcorepathconstruct.code.tex 2025-08-29 v3.1.11a (3.1.11a)
\pgf@path@lastx=\dimen296
\pgf@path@lasty=\dimen297
) (C:\Users\Soufiane\AppData\Local\Programs\MiKTeX\tex/generic/pgf/basiclayer\pgfcorepathusage.code.tex
File: pgfcorepathusage.code.tex 2025-08-29 v3.1.11a (3.1.11a)
\pgf@shorten@end@additional=\dimen298
\pgf@shorten@start@additional=\dimen299
) (C:\Users\Soufiane\AppData\Local\Programs\MiKTeX\tex/generic/pgf/basiclayer\pgfcorescopes.code.tex
File: pgfcorescopes.code.tex 2025-08-29 v3.1.11a (3.1.11a)
\pgfpic=\box68
\pgf@hbox=\box69
\pgf@layerbox@main=\box70
\pgf@picture@serial@count=\count344
) (C:\Users\Soufiane\AppData\Local\Programs\MiKTeX\tex/generic/pgf/basiclayer\pgfcoregraphicstate.code.tex
File: pgfcoregraphicstate.code.tex 2025-08-29 v3.1.11a (3.1.11a)
\pgflinewidth=\dimen300
) (C:\Users\Soufiane\AppData\Local\Programs\MiKTeX\tex/generic/pgf/basiclayer\pgfcoretransformations.code.tex
File: pgfcoretransformations.code.tex 2025-08-29 v3.1.11a (3.1.11a)
\pgf@pt@x=\dimen301
\pgf@pt@y=\dimen302
\pgf@pt@temp=\dimen303
) (C:\Users\Soufiane\AppData\Local\Programs\MiKTeX\tex/generic/pgf/basiclayer\pgfcorequick.code.tex
File: pgfcorequick.code.tex 2025-08-29 v3.1.11a (3.1.11a)
) (C:\Users\Soufiane\AppData\Local\Programs\MiKTeX\tex/generic/pgf/basiclayer\pgfcoreobjects.code.tex
File: pgfcoreobjects.code.tex 2025-08-29 v3.1.11a (3.1.11a)
) (C:\Users\Soufiane\AppData\Local\Programs\MiKTeX\tex/generic/pgf/basiclayer\pgfcorepathprocessing.code.tex
File: pgfcorepathprocessing.code.tex 2025-08-29 v3.1.11a (3.1.11a)
) (C:\Users\Soufiane\AppData\Local\Programs\MiKTeX\tex/generic/pgf/basiclayer\pgfcorearrows.code.tex
File: pgfcorearrows.code.tex 2025-08-29 v3.1.11a (3.1.11a)
\pgfarrowsep=\dimen304
) (C:\Users\Soufiane\AppData\Local\Programs\MiKTeX\tex/generic/pgf/basiclayer\pgfcoreshade.code.tex
File: pgfcoreshade.code.tex 2025-08-29 v3.1.11a (3.1.11a)
\pgf@max=\dimen305
\pgf@sys@shading@range@num=\count345
\pgf@shadingcount=\count346
) (C:\Users\Soufiane\AppData\Local\Programs\MiKTeX\tex/generic/pgf/basiclayer\pgfcoreimage.code.tex
File: pgfcoreimage.code.tex 2025-08-29 v3.1.11a (3.1.11a)
) (C:\Users\Soufiane\AppData\Local\Programs\MiKTeX\tex/generic/pgf/basiclayer\pgfcoreexternal.code.tex
File: pgfcoreexternal.code.tex 2025-08-29 v3.1.11a (3.1.11a)
\pgfexternal@startupbox=\box71
) (C:\Users\Soufiane\AppData\Local\Programs\MiKTeX\tex/generic/pgf/basiclayer\pgfcorelayers.code.tex
File: pgfcorelayers.code.tex 2025-08-29 v3.1.11a (3.1.11a)
) (C:\Users\Soufiane\AppData\Local\Programs\MiKTeX\tex/generic/pgf/basiclayer\pgfcoretransparency.code.tex
File: pgfcoretransparency.code.tex 2025-08-29 v3.1.11a (3.1.11a)
) (C:\Users\Soufiane\AppData\Local\Programs\MiKTeX\tex/generic/pgf/basiclayer\pgfcorepatterns.code.tex
File: pgfcorepatterns.code.tex 2025-08-29 v3.1.11a (3.1.11a)
) (C:\Users\Soufiane\AppData\Local\Programs\MiKTeX\tex/generic/pgf/basiclayer\pgfcorerdf.code.tex
File: pgfcorerdf.code.tex 2025-08-29 v3.1.11a (3.1.11a)
))) (C:\Users\Soufiane\AppData\Local\Programs\MiKTeX\tex/generic/pgf/modules\pgfmoduleshapes.code.tex
File: pgfmoduleshapes.code.tex 2025-08-29 v3.1.11a (3.1.11a)
\pgfnodeparttextbox=\box72
) (C:\Users\Soufiane\AppData\Local\Programs\MiKTeX\tex/generic/pgf/modules\pgfmoduleplot.code.tex
File: pgfmoduleplot.code.tex 2025-08-29 v3.1.11a (3.1.11a)
) (C:\Users\Soufiane\AppData\Local\Programs\MiKTeX\tex/latex/pgf/compatibility\pgfcomp-version-0-65.sty
Package: pgfcomp-version-0-65 2025-08-29 v3.1.11a (3.1.11a)
\pgf@nodesepstart=\dimen306
\pgf@nodesepend=\dimen307
) (C:\Users\Soufiane\AppData\Local\Programs\MiKTeX\tex/latex/pgf/compatibility\pgfcomp-version-1-18.sty
Package: pgfcomp-version-1-18 2025-08-29 v3.1.11a (3.1.11a)
)) (C:\Users\Soufiane\AppData\Local\Programs\MiKTeX\tex/latex/pgf/utilities\pgffor.sty (C:\Users\Soufiane\AppData\Local\Programs\MiKTeX\tex/latex/pgf/utilities\pgfkeys.sty
(C:\Users\Soufiane\AppData\Local\Programs\MiKTeX\tex/generic/pgf/utilities\pgfkeys.code.tex)) (C:\Users\Soufiane\AppData\Local\Programs\MiKTeX\tex/latex/pgf/math\pgfmath.sty (C:\Users\Soufiane\AppData\Local\Programs\MiKTeX\tex/generic/pgf/math\pgfmath.code.tex)) (C:\Users\Soufiane\AppData\Local\Programs\MiKTeX\tex/generic/pgf/utilities\pgffor.code.tex
Package: pgffor 2025-08-29 v3.1.11a (3.1.11a)
\pgffor@iter=\dimen308
\pgffor@skip=\dimen309
\pgffor@stack=\toks52
\pgffor@toks=\toks53
)) (C:\Users\Soufiane\AppData\Local\Programs\MiKTeX\tex/generic/pgf/frontendlayer/tikz\tikz.code.tex
Package: tikz 2025-08-29 v3.1.11a (3.1.11a)
 (C:\Users\Soufiane\AppData\Local\Programs\MiKTeX\tex/generic/pgf/libraries\pgflibraryplothandlers.code.tex
File: pgflibraryplothandlers.code.tex 2025-08-29 v3.1.11a (3.1.11a)
\pgf@plot@mark@count=\count347
\pgfplotmarksize=\dimen310
)
\tikz@lastx=\dimen311
\tikz@lasty=\dimen312
\tikz@lastxsaved=\dimen313
\tikz@lastysaved=\dimen314
\tikz@lastmovetox=\dimen315
\tikz@lastmovetoy=\dimen316
\tikzleveldistance=\dimen317
\tikzsiblingdistance=\dimen318
\tikz@figbox=\box73
\tikz@figbox@bg=\box74
\tikz@tempbox=\box75
\tikz@tempbox@bg=\box76
\tikztreelevel=\count348
\tikznumberofchildren=\count349
\tikznumberofcurrentchild=\count350
\tikz@fig@count=\count351
 (C:\Users\Soufiane\AppData\Local\Programs\MiKTeX\tex/generic/pgf/modules\pgfmodulematrix.code.tex
File: pgfmodulematrix.code.tex 2025-08-29 v3.1.11a (3.1.11a)
\pgfmatrixcurrentrow=\count352
\pgfmatrixcurrentcolumn=\count353
\pgf@matrix@numberofcolumns=\count354
)
\tikz@expandcount=\count355
 (C:\Users\Soufiane\AppData\Local\Programs\MiKTeX\tex/generic/pgf/frontendlayer/tikz/libraries\tikzlibrarytopaths.code.tex
File: tikzlibrarytopaths.code.tex 2025-08-29 v3.1.11a (3.1.11a)
))) (C:\Users\Soufiane\AppData\Local\Programs\MiKTeX\tex/latex/mdframed\md-frame-1.mdf
File: md-frame-1.mdf 2013/07/01\ 1.9b: md-frame-1
)
\mdf@frametitlebox=\box77
\mdf@footnotebox=\box78
\mdf@splitbox@one=\box79
\mdf@splitbox@two=\box80
\mdf@splitbox@save=\box81
\mdfsplitboxwidth=\skip110
\mdfsplitboxtotalwidth=\skip111
\mdfsplitboxheight=\skip112
\mdfsplitboxdepth=\skip113
\mdfsplitboxtotalheight=\skip114
\mdfframetitleboxwidth=\skip115
\mdfframetitleboxtotalwidth=\skip116
\mdfframetitleboxheight=\skip117
\mdfframetitleboxdepth=\skip118
\mdfframetitleboxtotalheight=\skip119
\mdffootnoteboxwidth=\skip120
\mdffootnoteboxtotalwidth=\skip121
\mdffootnoteboxheight=\skip122
\mdffootnoteboxdepth=\skip123
\mdffootnoteboxtotalheight=\skip124
\mdftotallinewidth=\skip125
\mdfboundingboxwidth=\skip126
\mdfboundingboxtotalwidth=\skip127
\mdfboundingboxheight=\skip128
\mdfboundingboxdepth=\skip129
\mdfboundingboxtotalheight=\skip130
\mdf@freevspace@length=\skip131
\mdf@horizontalwidthofbox@length=\skip132
\mdf@verticalmarginwhole@length=\skip133
\mdf@horizontalspaceofbox=\skip134
\mdfsubtitleheight=\skip135
\mdfsubsubtitleheight=\skip136
\c@mdfcountframes=\count356

****** mdframed patching \endmdf@trivlist

****** -- success******

\mdf@envdepth=\count357
\c@mdf@env@i=\count358
\c@mdf@env@ii=\count359
\c@mdf@zref@counter=\count360
Package zref Info: New property: mdf@pagevalue on input line 895.
) (C:\Users\Soufiane\AppData\Local\Programs\MiKTeX\tex/latex/fancyhdr\fancyhdr.sty
Package: fancyhdr 2025/02/07 v5.2 Extensive control of page headers and footers
\f@nch@headwidth=\skip137
\f@nch@offset@elh=\skip138
\f@nch@offset@erh=\skip139
\f@nch@offset@olh=\skip140
\f@nch@offset@orh=\skip141
\f@nch@offset@elf=\skip142
\f@nch@offset@erf=\skip143
\f@nch@offset@olf=\skip144
\f@nch@offset@orf=\skip145
\f@nch@height=\skip146
\f@nch@footalignment=\skip147
\f@nch@widthL=\skip148
\f@nch@widthC=\skip149
\f@nch@widthR=\skip150
\@temptokenb=\toks54
) (C:\Users\Soufiane\AppData\Local\Programs\MiKTeX\tex/latex/sectsty\sectsty.sty
Package: sectsty 2002/02/25 v2.0.2 Commands to change all sectional heading styles


LaTeX Warning: Command \underbar  has changed.
               Check if current package is valid.


LaTeX Warning: Command \underline  has changed.
               Check if current package is valid.

) (C:\Users\Soufiane\AppData\Local\Programs\MiKTeX\tex/latex/base\textcomp.sty
Package: textcomp 2024/04/24 v2.1b Standard LaTeX package
) (C:\Users\Soufiane\AppData\Local\Programs\MiKTeX\tex/latex/upquote\upquote.sty
Package: upquote 2012/04/19 v1.3 upright-quote and grave-accent glyphs in verbatim
) (C:\Users\Soufiane\AppData\Local\Programs\MiKTeX\tex/latex/parskip\parskip.sty
Package: parskip 2021-03-14 v2.0h non-zero parskip adjustments
) (C:\Users\Soufiane\AppData\Local\Programs\MiKTeX\tex/latex/footnotehyper\footnotehyper.sty
Package: footnotehyper 2021/08/13 v1.1e hyperref aware footnote.sty (JFB)
\FNH@notes=\box82
\FNH@width=\dimen319
\FNH@toks=\toks55
) (C:\Users\Soufiane\AppData\Local\Programs\MiKTeX\tex/latex/ulem\ulem.sty
\UL@box=\box83
\UL@hyphenbox=\box84
\UL@skip=\skip151
\UL@hook=\toks56
\UL@height=\dimen320
\UL@pe=\count361
\UL@pixel=\dimen321
\ULC@box=\box85
Package: ulem 2019/11/18
\ULdepth=\dimen322
) (C:\Users\Soufiane\AppData\Local\Programs\MiKTeX\tex/latex/bookmark\bookmark.sty
Package: bookmark 2023-12-10 v1.31 PDF bookmarks (HO)
 (C:\Users\Soufiane\AppData\Local\Programs\MiKTeX\tex/latex/hyperref\hyperref.sty
Package: hyperref 2025-07-12 v7.01o Hypertext links for LaTeX
 (C:\Users\Soufiane\AppData\Local\Programs\MiKTeX\tex/generic/pdfescape\pdfescape.sty
Package: pdfescape 2019/12/09 v1.15 Implements pdfTeX's escape features (HO)
) (C:\Users\Soufiane\AppData\Local\Programs\MiKTeX\tex/latex/hycolor\hycolor.sty
Package: hycolor 2020-01-27 v1.10 Color options for hyperref/bookmark (HO)
) (C:\Users\Soufiane\AppData\Local\Programs\MiKTeX\tex/latex/hyperref\nameref.sty
Package: nameref 2025-06-21 v2.57 Cross-referencing by name of section
 (C:\Users\Soufiane\AppData\Local\Programs\MiKTeX\tex/latex/refcount\refcount.sty
Package: refcount 2019/12/15 v3.6 Data extraction from label references (HO)
) (C:\Users\Soufiane\AppData\Local\Programs\MiKTeX\tex/generic/gettitlestring\gettitlestring.sty
Package: gettitlestring 2019/12/15 v1.6 Cleanup title references (HO)
)
\c@section@level=\count362
) (C:\Users\Soufiane\AppData\Local\Programs\MiKTeX\tex/generic/stringenc\stringenc.sty
Package: stringenc 2019/11/29 v1.12 Convert strings between diff. encodings (HO)
)
\@linkdim=\dimen323
\Hy@linkcounter=\count363
\Hy@pagecounter=\count364
 (C:\Users\Soufiane\AppData\Local\Programs\MiKTeX\tex/latex/hyperref\pd1enc.def
File: pd1enc.def 2025-07-12 v7.01o Hyperref: PDFDocEncoding definition (HO)
Now handling font encoding PD1 ...
... no UTF-8 mapping file for font encoding PD1
) (C:\Users\Soufiane\AppData\Local\Programs\MiKTeX\tex/generic/intcalc\intcalc.sty
Package: intcalc 2019/12/15 v1.3 Expandable calculations with integers (HO)
)
\Hy@SavedSpaceFactor=\count365
 (C:\Users\Soufiane\AppData\Local\Programs\MiKTeX\tex/latex/hyperref\puenc.def
File: puenc.def 2025-07-12 v7.01o Hyperref: PDF Unicode definition (HO)
Now handling font encoding PU ...
... no UTF-8 mapping file for font encoding PU
)
Package hyperref Info: Option `unicode' set `true' on input line 4066.
Package hyperref Info: Hyper figures OFF on input line 4195.
Package hyperref Info: Link nesting OFF on input line 4200.
Package hyperref Info: Hyper index ON on input line 4203.
Package hyperref Info: Plain pages OFF on input line 4210.
Package hyperref Info: Backreferencing OFF on input line 4215.
Package hyperref Info: Implicit mode ON; LaTeX internals redefined.
Package hyperref Info: Bookmarks ON on input line 4462.
\c@Hy@tempcnt=\count366
 (C:\Users\Soufiane\AppData\Local\Programs\MiKTeX\tex/latex/url\url.sty
\Urlmuskip=\muskip18
Package: url 2013/09/16  ver 3.4  Verb mode for urls, etc.
)
LaTeX Info: Redefining \url on input line 4801.
\XeTeXLinkMargin=\dimen324
 (C:\Users\Soufiane\AppData\Local\Programs\MiKTeX\tex/generic/bitset\bitset.sty
Package: bitset 2019/12/09 v1.3 Handle bit-vector datatype (HO)
 (C:\Users\Soufiane\AppData\Local\Programs\MiKTeX\tex/generic/bigintcalc\bigintcalc.sty
Package: bigintcalc 2019/12/15 v1.5 Expandable calculations on big integers (HO)
))
\Fld@menulength=\count367
\Field@Width=\dimen325
\Fld@charsize=\dimen326
Package hyperref Info: Hyper figures OFF on input line 6078.
Package hyperref Info: Link nesting OFF on input line 6083.
Package hyperref Info: Hyper index ON on input line 6086.
Package hyperref Info: backreferencing OFF on input line 6093.
Package hyperref Info: Link coloring OFF on input line 6098.
Package hyperref Info: Link coloring with OCG OFF on input line 6103.
Package hyperref Info: PDF/A mode OFF on input line 6108.
\Hy@abspage=\count368
\c@Item=\count369
\c@Hfootnote=\count370
)
Package hyperref Info: Driver (autodetected): hpdftex.
 (C:\Users\Soufiane\AppData\Local\Programs\MiKTeX\tex/latex/hyperref\hpdftex.def
File: hpdftex.def 2025-07-12 v7.01o Hyperref driver for pdfTeX
\HyAnn@Count=\count371
\Fld@listcount=\count372
\c@bookmark@seq@number=\count373
 (C:\Users\Soufiane\AppData\Local\Programs\MiKTeX\tex/latex/rerunfilecheck\rerunfilecheck.sty
Package: rerunfilecheck 2025-06-21 v1.11 Rerun checks for auxiliary files (HO)
 (C:\Users\Soufiane\AppData\Local\Programs\MiKTeX\tex/generic/uniquecounter\uniquecounter.sty
Package: uniquecounter 2019/12/15 v1.4 Provide unlimited unique counter (HO)
)
Package uniquecounter Info: New unique counter `rerunfilecheck' on input line 284.
)
\Hy@SectionHShift=\skip152
) (C:\Users\Soufiane\AppData\Local\Programs\MiKTeX\tex/latex/bookmark\bkm-pdftex.def
File: bkm-pdftex.def 2023-12-10 v1.31 bookmark driver for pdfTeX and luaTeX (HO)
\BKM@id=\count374
)) (C:\Users\Soufiane\AppData\Local\Programs\MiKTeX\tex/latex/xurl\xurl.sty
Package: xurl 2022/01/09 v 0.10 modify URL breaks
)
Package hyperref Info: Option `unicode' set `true' on input line 277.
Package hyperref Info: Option `unicode' set `true' on input line 277.
 (C:\Users\Soufiane\AppData\Local\Programs\MiKTeX\tex/generic/stringenc\se-pdfdoc.def
File: se-pdfdoc.def 2019/11/29 v1.12 stringenc: PDFDocEncoding
)
LaTeX Font Info:    Trying to load font information for T1+lmr on input line 287.
 (C:\Users\Soufiane\AppData\Local\Programs\MiKTeX\tex/latex/lm\t1lmr.fd
File: t1lmr.fd 2015/05/01 v1.6.1 Font defs for Latin Modern
) (reportPFE.aux
Package babel Info: 'french' activates 'french' shorthands.
(babel)             Reported on input line 13.


LaTeX Warning: Label `fig:comparaison-architectures' multiply defined.

)
\openout1 = `reportPFE.aux'.

LaTeX Font Info:    Checking defaults for OML/cmm/m/it on input line 287.
LaTeX Font Info:    ... okay on input line 287.
LaTeX Font Info:    Checking defaults for OMS/cmsy/m/n on input line 287.
LaTeX Font Info:    ... okay on input line 287.
LaTeX Font Info:    Checking defaults for OT1/cmr/m/n on input line 287.
LaTeX Font Info:    ... okay on input line 287.
LaTeX Font Info:    Checking defaults for T1/cmr/m/n on input line 287.
LaTeX Font Info:    ... okay on input line 287.
LaTeX Font Info:    Checking defaults for TS1/cmr/m/n on input line 287.
LaTeX Font Info:    ... okay on input line 287.
LaTeX Font Info:    Checking defaults for OMX/cmex/m/n on input line 287.
LaTeX Font Info:    ... okay on input line 287.
LaTeX Font Info:    Checking defaults for U/cmr/m/n on input line 287.
LaTeX Font Info:    ... okay on input line 287.
LaTeX Font Info:    Checking defaults for PD1/pdf/m/n on input line 287.
LaTeX Font Info:    ... okay on input line 287.
LaTeX Font Info:    Checking defaults for PU/pdf/m/n on input line 287.
LaTeX Font Info:    ... okay on input line 287.
LaTeX Info: Redefining \degres on input line 287.
 (C:\Users\Soufiane\AppData\Local\Programs\MiKTeX\tex/latex/tools\hhline.sty
Package: hhline 2020/01/04 v2.04 Table rule package (DPC)
)
*geometry* driver: auto-detecting
*geometry* detected driver: pdftex
*geometry* verbose mode - [ preamble ] result:
* driver: pdftex
* paper: a4paper
* layout: <same size as paper>
* layoutoffset:(h,v)=(0.0pt,0.0pt)
* modes: twoside 
* h-part:(L,W,R)=(71.13188pt, 455.24411pt, 71.13188pt)
* v-part:(T,H,B)=(71.13188pt, 702.78308pt, 71.13188pt)
* \paperwidth=597.50787pt
* \paperheight=845.04684pt
* \textwidth=455.24411pt
* \textheight=702.78308pt
* \oddsidemargin=-1.1381pt
* \evensidemargin=-1.1381pt
* \topmargin=-38.1381pt
* \headheight=25.0pt
* \headsep=25.0pt
* \topskip=12.0pt
* \footskip=30.0pt
* \marginparwidth=85.0pt
* \marginparsep=10.0pt
* \columnsep=10.0pt
* \skip\footins=10.8pt plus 4.0pt minus 2.0pt
* \hoffset=0.0pt
* \voffset=0.0pt
* \mag=1000
* \@twocolumnfalse
* \@twosidetrue
* \@mparswitchtrue
* \@reversemarginfalse
* (1in=72.27pt=25.4mm, 1cm=28.453pt)

(C:\Users\Soufiane\AppData\Local\Programs\MiKTeX\tex/context/base/mkii\supp-pdf.mkii
[Loading MPS to PDF converter (version 2006.09.02).]
\scratchcounter=\count375
\scratchdimen=\dimen327
\scratchbox=\box86
\nofMPsegments=\count376
\nofMParguments=\count377
\everyMPshowfont=\toks57
\MPscratchCnt=\count378
\MPscratchDim=\dimen328
\MPnumerator=\count379
\makeMPintoPDFobject=\count380
\everyMPtoPDFconversion=\toks58
) (C:\Users\Soufiane\AppData\Local\Programs\MiKTeX\tex/latex/epstopdf-pkg\epstopdf-base.sty
Package: epstopdf-base 2020-01-24 v2.11 Base part for package epstopdf
Package epstopdf-base Info: Redefining graphics rule for `.eps' on input line 485.
 (C:\Users\Soufiane\AppData\Local\Programs\MiKTeX\tex/latex/00miktex\epstopdf-sys.cfg
File: epstopdf-sys.cfg 2021/03/18 v2.0 Configuration of epstopdf for MiKTeX
))
Package caption Info: Begin \AtBeginDocument code.
Package caption Info: hyperref package is loaded.
Package caption Info: longtable package is loaded.
 (C:\Users\Soufiane\AppData\Local\Programs\MiKTeX\tex/latex/caption\ltcaption.sty
Package: ltcaption 2021/01/08 v1.4c longtable captions (AR)
)
Package caption Info: wrapfig package is loaded.
Package caption Info: End \AtBeginDocument code.
LaTeX Info: Redefining \microtypecontext on input line 287.
Package microtype Info: Applying patch `item' on input line 287.
Package microtype Info: Applying patch `toc' on input line 287.
Package microtype Info: Applying patch `eqnum' on input line 287.
Package microtype Info: Applying patch `footnote' on input line 287.
Package microtype Info: Applying patch `verbatim' on input line 287.
LaTeX Info: Redefining \microtypesetup on input line 287.
Package microtype Info: Generating PDF output.
Package microtype Info: Character protrusion enabled (level 2).
Package microtype Info: Using default protrusion set `alltext'.
Package microtype Info: Automatic font expansion enabled (level 2),
(microtype)             stretch: 20, shrink: 20, step: 1, non-selected.
Package microtype Info: Using default expansion set `alltext-nott'.
Package microtype Info: Patching command `\showhyphens'.
Package microtype Info: No adjustment of tracking.
Package microtype Info: No adjustment of interword spacing.
Package microtype Info: No adjustment of character kerning.
 (C:\Users\Soufiane\AppData\Local\Programs\MiKTeX\tex/latex/microtype\mt-cmr.cfg
File: mt-cmr.cfg 2013/05/19 v2.2 microtype config. file: Computer Modern Roman (RS)
)
Package footnotehyper Info: babel-french compatibility patch activated.
(footnotehyper)    It may not work with all combinations of classes/packages.
(footnotehyper)    In case of problems with the `footnote' or `footnotetext'
(footnotehyper)    environments, you may try sending to the author a small
(footnotehyper)    file demonstrating the problem.
(footnotehyper)    To turn off this message, add \footnotehyperwarnfalse
(footnotehyper)    to the preamble.
Package hyperref Info: Link coloring OFF on input line 287.
<latex_media/media/image1.png, id=6, 216.4815pt x 47.6325pt>
File: latex_media/media/image1.png Graphic file (type png)
<use latex_media/media/image1.png>
Package pdftex.def Info: latex_media/media/image1.png  used on input line 297.
(pdftex.def)             Requested size: 216.49417pt x 47.63528pt.
<latex_media/media/image2.png, id=8, 114.318pt x 26.6085pt>
File: latex_media/media/image2.png Graphic file (type png)
<use latex_media/media/image2.png>
Package pdftex.def Info: latex_media/media/image2.png  used on input line 327.
(pdftex.def)             Requested size: 114.32118pt x 26.60922pt.


[1

{C:/Users/Soufiane/AppData/Local/MiKTeX/fonts/map/pdftex/pdftex.map}{C:/Users/Soufiane/AppData/Local/Programs/MiKTeX/fonts/enc/dvips/lm/lm-ec.enc} <./latex_media/media/image1.png>]

[2 <./latex_media/media/image2.png>]
Chapitre 1.
(reportPFE.toc
LaTeX Font Info:    Trying to load font information for OT1+lmr on input line 16.
 (C:\Users\Soufiane\AppData\Local\Programs\MiKTeX\tex/latex/lm\ot1lmr.fd
File: ot1lmr.fd 2015/05/01 v1.6.1 Font defs for Latin Modern
)
LaTeX Font Info:    Trying to load font information for OML+lmm on input line 16.
 (C:\Users\Soufiane\AppData\Local\Programs\MiKTeX\tex/latex/lm\omllmm.fd
File: omllmm.fd 2015/05/01 v1.6.1 Font defs for Latin Modern
)
LaTeX Font Info:    Trying to load font information for OMS+lmsy on input line 16.
 (C:\Users\Soufiane\AppData\Local\Programs\MiKTeX\tex/latex/lm\omslmsy.fd
File: omslmsy.fd 2015/05/01 v1.6.1 Font defs for Latin Modern
)
LaTeX Font Info:    Trying to load font information for OMX+lmex on input line 16.
 (C:\Users\Soufiane\AppData\Local\Programs\MiKTeX\tex/latex/lm\omxlmex.fd
File: omxlmex.fd 2015/05/01 v1.6.1 Font defs for Latin Modern
)
LaTeX Font Info:    External font `lmex10' loaded for size
(Font)              <12> on input line 16.
LaTeX Font Info:    External font `lmex10' loaded for size
(Font)              <8> on input line 16.
LaTeX Font Info:    External font `lmex10' loaded for size
(Font)              <6> on input line 16.
LaTeX Font Info:    Trying to load font information for U+msa on input line 16.
 (C:\Users\Soufiane\AppData\Local\Programs\MiKTeX\tex/latex/amsfonts\umsa.fd
File: umsa.fd 2013/01/14 v3.01 AMS symbols A
) (C:\Users\Soufiane\AppData\Local\Programs\MiKTeX\tex/latex/microtype\mt-msa.cfg
File: mt-msa.cfg 2006/02/04 v1.1 microtype config. file: AMS symbols (a) (RS)
)
LaTeX Font Info:    Trying to load font information for U+msb on input line 16.
 (C:\Users\Soufiane\AppData\Local\Programs\MiKTeX\tex/latex/amsfonts\umsb.fd
File: umsb.fd 2013/01/14 v3.01 AMS symbols B
) (C:\Users\Soufiane\AppData\Local\Programs\MiKTeX\tex/latex/microtype\mt-msb.cfg
File: mt-msb.cfg 2005/06/01 v1.0 microtype config. file: AMS symbols (b) (RS)
)

[1


]
LaTeX Font Info:    Trying to load font information for TS1+lmr on input line 63.
 (C:\Users\Soufiane\AppData\Local\Programs\MiKTeX\tex/latex/lm\ts1lmr.fd
File: ts1lmr.fd 2015/05/01 v1.6.1 Font defs for Latin Modern
)

[2{C:/Users/Soufiane/AppData/Local/Programs/MiKTeX/fonts/enc/dvips/lm/lm-ts1.enc}]

[3])
\tf@toc=\write4
\openout4 = `reportPFE.toc'.



[4]
Chapitre 2.



pdfTeX warning (ext4): destination with the same identifier (name{page.1}) has been already used, duplicate ignored
<to be read again> 
                   \relax 
l.367 \chapter*
               {Remerciements} [1



]


pdfTeX warning (ext4): destination with the same identifier (name{page.2}) has been already used, duplicate ignored
<to be read again> 
                   \relax 
l.367 \chapter*
               {Remerciements} [2

]
Chapitre 3.


[3

]

[4

]
Chapitre 4.
[5

]

[6]
Chapitre 5.


[7


]

[8]
Chapitre 6.


[9


]

[10]
Chapitre 7.


[11



]

[12]
Chapitre 8.
<latex_media/media/image3.png, id=303, 2561.82094pt x 572.1375pt>
File: latex_media/media/image3.png Graphic file (type png)
<use latex_media/media/image3.png>
Package pdftex.def Info: latex_media/media/image3.png  used on input line 639.
(pdftex.def)             Requested size: 318.66322pt x 71.1678pt.
Package microtype Info: Character `029' is missing
(microtype)             in font `T1/lmr/m/sc/12'.
(microtype)             Ignoring protrusion settings for this character.

LaTeX Font Warning: Font shape `T1/lmr/bx/sc' undefined
(Font)              using `T1/lmr/bx/n' instead on input line 640.



[13


 <./latex_media/media/image3.png>]

[14]

[15]
<latex_media/media/image4.png, id=322, 520.19344pt x 204.01219pt>
File: latex_media/media/image4.png Graphic file (type png)
<use latex_media/media/image4.png>
Package pdftex.def Info: latex_media/media/image4.png  used on input line 788.
(pdftex.def)             Requested size: 364.19641pt x 142.83246pt.
<latex_media/media/image5.jpeg, id=323, 539.01375pt x 316.93407pt>
File: latex_media/media/image5.jpeg Graphic file (type jpg)
<use latex_media/media/image5.jpeg>
Package pdftex.def Info: latex_media/media/image5.jpeg  used on input line 808.
(pdftex.def)             Requested size: 409.72049pt x 240.91107pt.
<latex_media/media/image6.png, id=324, 673.76718pt x 330.48468pt>
File: latex_media/media/image6.png Graphic file (type png)
<use latex_media/media/image6.png>
Package pdftex.def Info: latex_media/media/image6.png  used on input line 821.
(pdftex.def)             Requested size: 364.19897pt x 178.64061pt.


[16 <./latex_media/media/image4.png>]

[17 <./latex_media/media/image5.jpeg> <./latex_media/media/image6.png>]

[18]
<latex_media/media/image7.jpeg, id=347, 624.3325pt x 416.55624pt>
File: latex_media/media/image7.jpeg Graphic file (type jpg)
<use latex_media/media/image7.jpeg>
Package pdftex.def Info: latex_media/media/image7.jpeg  used on input line 929.
(pdftex.def)             Requested size: 364.19942pt x 242.99478pt.


[19 <./latex_media/media/image7.jpeg>]

[20]

[21]

Package hyperref Warning: Token not allowed in a PDF string (Unicode):
(hyperref)                removing `\leavevmode@ifvmode' on input line 1185.


Package hyperref Warning: Token not allowed in a PDF string (Unicode):
(hyperref)                \kern 1.95871pt
(hyperref)                removed on input line 1185.



[22]
<latex_media/media/image8.png, id=379, 688.82344pt x 325.96782pt>
File: latex_media/media/image8.png Graphic file (type png)
<use latex_media/media/image8.png>
Package pdftex.def Info: latex_media/media/image8.png  used on input line 1238.
(pdftex.def)             Requested size: 364.1918pt x 172.3443pt.


[23 <./latex_media/media/image8.png>]
<latex_media/media/image9.png, id=392, 417.852pt x 224.037pt>
File: latex_media/media/image9.png Graphic file (type png)
<use latex_media/media/image9.png>
Package pdftex.def Info: latex_media/media/image9.png  used on input line 1269.
(pdftex.def)             Requested size: 364.19777pt x 195.26955pt.
<latex_media/media/image10.png, id=394, 1322.69156pt x 648.92438pt>
File: latex_media/media/image10.png Graphic file (type png)
<use latex_media/media/image10.png>
Package pdftex.def Info: latex_media/media/image10.png  used on input line 1310.
(pdftex.def)             Requested size: 409.70723pt x 201.00604pt.


[24 <./latex_media/media/image9.png>]

[25 <./latex_media/media/image10.png>]

[26]

[27]
<latex_media/media/image11.png, id=440, 1224.575pt x 608.2725pt>
File: latex_media/media/image11.png Graphic file (type png)
<use latex_media/media/image11.png>
Package pdftex.def Info: latex_media/media/image11.png  used on input line 1539.
(pdftex.def)             Requested size: 364.1988pt x 180.9053pt.


[28 <./latex_media/media/image11.png (PNG copy)>]
<latex_media/media/image12.png, id=452, 1493.58pt x 581.17125pt>
File: latex_media/media/image12.png Graphic file (type png)
<use latex_media/media/image12.png>
Package pdftex.def Info: latex_media/media/image12.png  used on input line 1675.
(pdftex.def)             Requested size: 409.69882pt x 159.4191pt.


[29]
<latex_media/media/image13.png, id=469, 867.24pt x 317.185pt>
File: latex_media/media/image13.png Graphic file (type png)
<use latex_media/media/image13.png>
Package pdftex.def Info: latex_media/media/image13.png  used on input line 1712.
(pdftex.def)             Requested size: 409.72014pt x 149.85133pt.


[30 <./latex_media/media/image12.png (PNG copy)> <./latex_media/media/image13.png (PNG copy)>]
<latex_media/media/image14.png, id=478, 310.761pt x 325.5435pt>
File: latex_media/media/image14.png Graphic file (type png)
<use latex_media/media/image14.png>
Package pdftex.def Info: latex_media/media/image14.png  used on input line 1794.
(pdftex.def)             Requested size: 310.76971pt x 325.55263pt.


[31]

[32 <./latex_media/media/image14.png>]
Overfull \hbox (1.23729pt too wide) in paragraph at lines 1831--1831
[]|[]|  
 []


Overfull \hbox (14.36473pt too wide) in paragraph at lines 1850--1850
[]|\T1/lmr/m/n/12 (-20) Coach/Administrateur|  
 []


Overfull \hbox (14.36473pt too wide) in paragraph at lines 1851--1851
[]|\T1/lmr/m/n/12 (-20) Coach/Administrateur|  
 []

[33]

[34] [35] [36]

[37]
<latex_media/media/image15.jpeg, id=543, 448.4025pt x 216.81pt>
File: latex_media/media/image15.jpeg Graphic file (type jpg)
<use latex_media/media/image15.jpeg>
Package pdftex.def Info: latex_media/media/image15.jpeg  used on input line 2130.
(pdftex.def)             Requested size: 364.21666pt x 176.10475pt.


[38 <./latex_media/media/image15.jpeg>]
<latex_media/media/image16.png, id=552, 529.2135pt x 743.724pt>
File: latex_media/media/image16.png Graphic file (type png)
<use latex_media/media/image16.png>
Package pdftex.def Info: latex_media/media/image16.png  used on input line 2220.
(pdftex.def)             Requested size: 409.73247pt x 575.81273pt.


[39]

[40 <./latex_media/media/image16.png>]

[41]

[42]
<latex_media/media/image17.png, id=584, 1116.17pt x 1177.39874pt>
File: latex_media/media/image17.png Graphic file (type png)
<use latex_media/media/image17.png>
Package pdftex.def Info: latex_media/media/image17.png  used on input line 2445.
(pdftex.def)             Requested size: 409.70642pt x 432.18132pt.

Overfull \hbox (48.40022pt too wide) in paragraph at lines 2450--2453
[]\T1/lmr/m/n/12 (-20) Le dia-gramme pr-sente une ar-chi-tec-ture en couches avec un pa-ckage ra-cine com.quizapp.domain conte-
 []



[43 <./latex_media/media/image17.png (PNG copy)>]

[44]
<latex_media/media/image18.png, id=606, 356.83313pt x 415.5525pt>
File: latex_media/media/image18.png Graphic file (type png)
<use latex_media/media/image18.png>
Package pdftex.def Info: latex_media/media/image18.png  used on input line 2581.
(pdftex.def)             Requested size: 273.16156pt x 318.11221pt.


[45 <./latex_media/media/image18.png>]
<latex_media/media/image19.png, id=621, 1447.4075pt x 1261.71375pt>
File: latex_media/media/image19.png Graphic file (type png)
<use latex_media/media/image19.png>
Package pdftex.def Info: latex_media/media/image19.png  used on input line 2667.
(pdftex.def)             Requested size: 409.71056pt x 357.14713pt.


[46]
<latex_media/media/image20.png, id=635, 622.325pt x 1502.61375pt>
File: latex_media/media/image20.png Graphic file (type png)
<use latex_media/media/image20.png>
Package pdftex.def Info: latex_media/media/image20.png  used on input line 2687.
(pdftex.def)             Requested size: 291.0684pt x 702.78937pt.


[47 <./latex_media/media/image19.png (PNG copy)>]
Overfull \vbox (33.60628pt too high) has occurred while \output is active []



[48 <./latex_media/media/image20.png (PNG copy)>]
<latex_media/media/image21.png, id=647, 493.3632pt x 330.5148pt>
File: latex_media/media/image21.png Graphic file (type png)
<use latex_media/media/image21.png>
Package pdftex.def Info: latex_media/media/image21.png  used on input line 2702.
(pdftex.def)             Requested size: 409.72473pt x 274.48354pt.
<latex_media/media/image22.png, id=648, 782.925pt x 512.91624pt>
File: latex_media/media/image22.png Graphic file (type png)
<use latex_media/media/image22.png>
Package pdftex.def Info: latex_media/media/image22.png  used on input line 2719.
(pdftex.def)             Requested size: 409.71573pt x 268.41632pt.


[49 <./latex_media/media/image21.png>]

[50 <./latex_media/media/image22.png (PNG copy)>]

[51]

[52

]
Chapitre 9.
File: latex_media/media/image15.jpeg Graphic file (type jpg)
<use latex_media/media/image15.jpeg>
Package pdftex.def Info: latex_media/media/image15.jpeg  used on input line 2783.
(pdftex.def)             Requested size: 364.21666pt x 176.10475pt.


[53

]

[54]
<latex_media/media/image23.png, id=687, 154.32657pt x 41.4047pt>
File: latex_media/media/image23.png Graphic file (type png)
<use latex_media/media/image23.png>
Package pdftex.def Info: latex_media/media/image23.png  used on input line 2826.
(pdftex.def)             Requested size: 154.33322pt x 41.40646pt.
<latex_media/media/image24.png, id=688, 1405.25pt x 790.955pt>
File: latex_media/media/image24.png Graphic file (type png)
<use latex_media/media/image24.png>
Package pdftex.def Info: latex_media/media/image24.png  used on input line 2870.
(pdftex.def)             Requested size: 227.61066pt x 128.11227pt.


[55 <./latex_media/media/image23.png> <./latex_media/media/image24.png>]
<latex_media/media/image25.png, id=704, 188.559pt x 55.188pt>
File: latex_media/media/image25.png Graphic file (type png)
<use latex_media/media/image25.png>
Package pdftex.def Info: latex_media/media/image25.png  used on input line 2940.
(pdftex.def)             Requested size: 188.55855pt x 55.18785pt.


[56 <./latex_media/media/image25.png>]
<latex_media/media/image26.png, id=720, 311.1625pt x 163.61125pt>
File: latex_media/media/image26.png Graphic file (type png)
<use latex_media/media/image26.png>
Package pdftex.def Info: latex_media/media/image26.png  used on input line 2975.
(pdftex.def)             Requested size: 273.14964pt x 143.62383pt.
<latex_media/media/image27.png, id=721, 109.062pt x 27.594pt>
File: latex_media/media/image27.png Graphic file (type png)
<use latex_media/media/image27.png>
Package pdftex.def Info: latex_media/media/image27.png  used on input line 3008.
(pdftex.def)             Requested size: 109.0617pt x 27.59392pt.


[57 <./latex_media/media/image26.png> <./latex_media/media/image27.png>]
<latex_media/media/image28.png, id=736, 103.806pt x 103.806pt>
File: latex_media/media/image28.png Graphic file (type png)
<use latex_media/media/image28.png>
Package pdftex.def Info: latex_media/media/image28.png  used on input line 3051.
(pdftex.def)             Requested size: 103.80573pt x 103.80573pt.


[58 <./latex_media/media/image28.png>]
<latex_media/media/image29.png, id=752, 685.05937pt x 286.06876pt>
File: latex_media/media/image29.png Graphic file (type png)
<use latex_media/media/image29.png>
Package pdftex.def Info: latex_media/media/image29.png  used on input line 3111.
(pdftex.def)             Requested size: 182.09389pt x 76.0392pt.
<latex_media/media/image30.png, id=754, 305.64188pt x 93.34875pt>
File: latex_media/media/image30.png Graphic file (type png)
<use latex_media/media/image30.png>
Package pdftex.def Info: latex_media/media/image30.png  used on input line 3133.
(pdftex.def)             Requested size: 227.62184pt x 69.51996pt.


[59 <./latex_media/media/image29.png> <./latex_media/media/image30.png>]
<latex_media/media/image31.png, id=767, 72.27pt x 72.27pt>
File: latex_media/media/image31.png Graphic file (type png)
<use latex_media/media/image31.png>
Package pdftex.def Info: latex_media/media/image31.png  used on input line 3162.
(pdftex.def)             Requested size: 111.62253pt x 111.62253pt.
<latex_media/media/image32.png, id=768, 70.956pt x 70.956pt>
File: latex_media/media/image32.png Graphic file (type png)
<use latex_media/media/image32.png>
Package pdftex.def Info: latex_media/media/image32.png  used on input line 3177.
(pdftex.def)             Requested size: 127.32654pt x 127.32654pt.


[60 <./latex_media/media/image31.png> <./latex_media/media/image32.png>]
<latex_media/media/image33.png, id=782, 317.5062pt x 96.36pt>
File: latex_media/media/image33.png Graphic file (type png)
<use latex_media/media/image33.png>
Package pdftex.def Info: latex_media/media/image33.png  used on input line 3192.
(pdftex.def)             Requested size: 247.55208pt x 75.1296pt.
<latex_media/media/image34.png, id=783, 152.0955pt x 46.647pt>
File: latex_media/media/image34.png Graphic file (type png)
<use latex_media/media/image34.png>
Package pdftex.def Info: latex_media/media/image34.png  used on input line 3205.
(pdftex.def)             Requested size: 273.47229pt x 83.8727pt.
<latex_media/media/image35.png, id=784, 401.5pt x 200.75pt>
File: latex_media/media/image35.png Graphic file (type png)
<use latex_media/media/image35.png>
Package pdftex.def Info: latex_media/media/image35.png  used on input line 3220.
(pdftex.def)             Requested size: 196.9879pt x 98.49394pt.
<latex_media/media/image36.png, id=785, 126.801pt x 78.84pt>
File: latex_media/media/image36.png Graphic file (type png)
<use latex_media/media/image36.png>
Package pdftex.def Info: latex_media/media/image36.png  used on input line 3232.
(pdftex.def)             Requested size: 178.47597pt x 110.96951pt.


[61 <./latex_media/media/image33.png> <./latex_media/media/image34.png> <./latex_media/media/image35.png>]
<latex_media/media/image37.png, id=800, 124.5015pt x 80.4825pt>
File: latex_media/media/image37.png Graphic file (type png)
<use latex_media/media/image37.png>
Package pdftex.def Info: latex_media/media/image37.png  used on input line 3244.
(pdftex.def)             Requested size: 124.46509pt x 80.45894pt.
<latex_media/media/image38.png, id=801, 92.637pt x 94.608pt>
File: latex_media/media/image38.png Graphic file (type png)
<use latex_media/media/image38.png>
Package pdftex.def Info: latex_media/media/image38.png  used on input line 3272.
(pdftex.def)             Requested size: 92.59857pt x 94.56877pt.


[62 <./latex_media/media/image36.png> <./latex_media/media/image37.png> <./latex_media/media/image38.png>]
<latex_media/media/image39.png, id=816, 166.878pt x 87.0525pt>
File: latex_media/media/image39.png Graphic file (type png)
<use latex_media/media/image39.png>
Package pdftex.def Info: latex_media/media/image39.png  used on input line 3318.
(pdftex.def)             Requested size: 166.8241pt x 87.02438pt.
<latex_media/media/image40.png, id=817, 697.10437pt x 436.63126pt>
File: latex_media/media/image40.png Graphic file (type png)
<use latex_media/media/image40.png>
Package pdftex.def Info: latex_media/media/image40.png  used on input line 3334.
(pdftex.def)             Requested size: 364.19827pt x 228.11555pt.


[63 <./latex_media/media/image39.png>]
<latex_media/media/image41.png, id=826, 103.4775pt x 65.043pt>
File: latex_media/media/image41.png Graphic file (type png)
<use latex_media/media/image41.png>
Package pdftex.def Info: latex_media/media/image41.png  used on input line 3353.
(pdftex.def)             Requested size: 156.50267pt x 98.37311pt.


[64 <./latex_media/media/image40.png> <./latex_media/media/image41.png>]
<latex_media/media/image42.png, id=841, 493.407pt x 232.2495pt>
File: latex_media/media/image42.png Graphic file (type png)
<use latex_media/media/image42.png>
Package pdftex.def Info: latex_media/media/image42.png  used on input line 3380.
(pdftex.def)             Requested size: 455.18973pt x 214.26039pt.
<latex_media/media/image43.png, id=842, 445.1175pt x 213.525pt>
File: latex_media/media/image43.png Graphic file (type png)
<use latex_media/media/image43.png>
Package pdftex.def Info: latex_media/media/image43.png  used on input line 3395.
(pdftex.def)             Requested size: 444.24023pt x 213.10416pt.


[65 <./latex_media/media/image42.png> <./latex_media/media/image43.png>]

[66]
<latex_media/media/image44.png, id=868, 756.57657pt x 412.54124pt>
File: latex_media/media/image44.png Graphic file (type png)
<use latex_media/media/image44.png>
Package pdftex.def Info: latex_media/media/image44.png  used on input line 3502.
(pdftex.def)             Requested size: 436.4712pt x 237.99623pt.
<latex_media/media/image45.png, id=869, 302.877pt x 188.8875pt>
File: latex_media/media/image45.png Graphic file (type png)
<use latex_media/media/image45.png>
Package pdftex.def Info: latex_media/media/image45.png  used on input line 3522.
(pdftex.def)             Requested size: 302.9317pt x 188.9216pt.


[67 <./latex_media/media/image44.png>]
<latex_media/media/image46.png, id=879, 969.6225pt x 660.96938pt>
File: latex_media/media/image46.png Graphic file (type png)
<use latex_media/media/image46.png>
Package pdftex.def Info: latex_media/media/image46.png  used on input line 3547.
(pdftex.def)             Requested size: 393.22758pt x 268.05421pt.
<latex_media/media/image47.png, id=880, 194.97844pt x 593.96906pt>
File: latex_media/media/image47.png Graphic file (type png)
<use latex_media/media/image47.png>
Package pdftex.def Info: latex_media/media/image47.png  used on input line 3550.
(pdftex.def)             Requested size: 116.38103pt x 354.53528pt.


[68 <./latex_media/media/image45.png> <./latex_media/media/image46.png>]

[69 <./latex_media/media/image47.png>]
<latex_media/media/image48.png, id=901, 374.1615pt x 253.2735pt>
File: latex_media/media/image48.png Graphic file (type png)
<use latex_media/media/image48.png>
Package pdftex.def Info: latex_media/media/image48.png  used on input line 3585.
(pdftex.def)             Requested size: 419.235pt x 283.78416pt.
<latex_media/media/image49.png, id=902, 521.658pt x 381.3885pt>
File: latex_media/media/image49.png Graphic file (type png)
<use latex_media/media/image49.png>
Package pdftex.def Info: latex_media/media/image49.png  used on input line 3600.
(pdftex.def)             Requested size: 455.03278pt x 332.67824pt.


[70 <./latex_media/media/image48.png>]

[71 <./latex_media/media/image49.png>]

[72]
<latex_media/media/image50.png, id=926, 1251.17438pt x 616.55344pt>
File: latex_media/media/image50.png Graphic file (type png)
<use latex_media/media/image50.png>
Package pdftex.def Info: latex_media/media/image50.png  used on input line 3776.
(pdftex.def)             Requested size: 455.23346pt x 224.32983pt.


[73]

[74 <./latex_media/media/image50.png>]

[75]

[76]

[77]
<latex_media/media/image51.png, id=981, 455.301pt x 199.3995pt>
File: latex_media/media/image51.png Graphic file (type png)
<use latex_media/media/image51.png>
Package pdftex.def Info: latex_media/media/image51.png  used on input line 4031.
(pdftex.def)             Requested size: 455.31377pt x 199.40509pt.

Overfull \hbox (12.38187pt too wide) in paragraph at lines 4031--4037
[][]\T1/lmr/m/n/12 (-20) Le
 []



[78 <./latex_media/media/image51.png>]
<latex_media/media/image52.png, id=988, 455.301pt x 201.042pt>
File: latex_media/media/image52.png Graphic file (type png)
<use latex_media/media/image52.png>
Package pdftex.def Info: latex_media/media/image52.png  used on input line 4077.
(pdftex.def)             Requested size: 455.00114pt x 200.90959pt.
<latex_media/media/image53.png, id=989, 455.301pt x 199.3995pt>
File: latex_media/media/image53.png Graphic file (type png)
<use latex_media/media/image53.png>
Package pdftex.def Info: latex_media/media/image53.png  used on input line 4127.
(pdftex.def)             Requested size: 455.31377pt x 199.40509pt.

Overfull \hbox (70.50458pt too wide) in paragraph at lines 4127--4129
[][]\T1/lmr/m/n/12 (-20) Option
 []



[79 <./latex_media/media/image52.png>]
<latex_media/media/image54.png, id=997, 316.68312pt x 269.005pt>
File: latex_media/media/image54.png Graphic file (type png)
<use latex_media/media/image54.png>
Package pdftex.def Info: latex_media/media/image54.png  used on input line 4143.
(pdftex.def)             Requested size: 316.70166pt x 269.02075pt.


[80 <./latex_media/media/image53.png> <./latex_media/media/image54.png>]
<latex_media/media/image55.png, id=1006, 300.12125pt x 345.79187pt>
File: latex_media/media/image55.png Graphic file (type png)
<use latex_media/media/image55.png>
Package pdftex.def Info: latex_media/media/image55.png  used on input line 4197.
(pdftex.def)             Requested size: 300.1434pt x 345.81738pt.


[81]

[82 <./latex_media/media/image55.png>]
<latex_media/media/image56.png, id=1021, 455.301pt x 200.385pt>
File: latex_media/media/image56.png Graphic file (type png)
<use latex_media/media/image56.png>
Package pdftex.def Info: latex_media/media/image56.png  used on input line 4284.
(pdftex.def)             Requested size: 454.77882pt x 200.15517pt.

Overfull \hbox (93.56752pt too wide) in paragraph at lines 4284--4286
[][]\T1/lmr/m/n/12 (-20) Promouvoir
 []

<latex_media/media/image57.png, id=1022, 352.81813pt x 412.03937pt>
File: latex_media/media/image57.png Graphic file (type png)
<use latex_media/media/image57.png>
Package pdftex.def Info: latex_media/media/image57.png  used on input line 4288.
(pdftex.def)             Requested size: 352.83879pt x 412.0635pt.


[83 <./latex_media/media/image56.png>]

[84 <./latex_media/media/image57.png>]
<latex_media/media/image58.png, id=1036, 204.26312pt x 145.04187pt>
File: latex_media/media/image58.png Graphic file (type png)
<use latex_media/media/image58.png>
Package pdftex.def Info: latex_media/media/image58.png  used on input line 4351.
(pdftex.def)             Requested size: 204.27509pt x 145.05035pt.
<latex_media/media/image59.png, id=1037, 297.61188pt x 168.12813pt>
File: latex_media/media/image59.png Graphic file (type png)
<use latex_media/media/image59.png>
Package pdftex.def Info: latex_media/media/image59.png  used on input line 4388.
(pdftex.def)             Requested size: 297.6293pt x 168.13795pt.


[85 <./latex_media/media/image58.png>]

[86 <./latex_media/media/image59.png>]
<latex_media/media/image60.png, id=1060, 818.55812pt x 421.07312pt>
File: latex_media/media/image60.png Graphic file (type png)
<use latex_media/media/image60.png>
Package pdftex.def Info: latex_media/media/image60.png  used on input line 4513.
(pdftex.def)             Requested size: 455.30435pt x 234.21236pt.


[87 <./latex_media/media/image60.png>]

[88]
<latex_media/media/image61.png, id=1084, 280.539pt x 144.8685pt>
File: latex_media/media/image61.png Graphic file (type png)
<use latex_media/media/image61.png>
Package pdftex.def Info: latex_media/media/image61.png  used on input line 4628.
(pdftex.def)             Requested size: 280.60251pt x 144.90129pt.
<latex_media/media/image62.png, id=1085, 255.2445pt x 145.854pt>
File: latex_media/media/image62.png Graphic file (type png)
<use latex_media/media/image62.png>
Package pdftex.def Info: latex_media/media/image62.png  used on input line 4628.
(pdftex.def)             Requested size: 255.21272pt x 145.83583pt.
<latex_media/media/image63.png, id=1086, 262.4715pt x 146.1825pt>
File: latex_media/media/image63.png Graphic file (type png)
<use latex_media/media/image63.png>
Package pdftex.def Info: latex_media/media/image63.png  used on input line 4628.
(pdftex.def)             Requested size: 262.33066pt x 146.10405pt.

Overfull \hbox (481.83434pt too wide) in paragraph at lines 4628--4630
[][][][]\T1/lmr/bx/n/12 (-20) Confidentialit \T1/lmr/m/n/12 (-20) des
 []



[89 <./latex_media/media/image61.png> <./latex_media/media/image62.png> <./latex_media/media/image63.png>]
<latex_media/media/image64.png, id=1099, 455.301pt x 201.3705pt>
File: latex_media/media/image64.png Graphic file (type png)
<use latex_media/media/image64.png>
Package pdftex.def Info: latex_media/media/image64.png  used on input line 4689.
(pdftex.def)             Requested size: 455.31377pt x 201.37613pt.
<latex_media/media/image65.png, id=1101, 455.6295pt x 234.2205pt>
File: latex_media/media/image65.png Graphic file (type png)
<use latex_media/media/image65.png>
Package pdftex.def Info: latex_media/media/image65.png  used on input line 4745.
(pdftex.def)             Requested size: 455.05132pt x 233.92326pt.

Overfull \hbox (98.09506pt too wide) in paragraph at lines 4745--4747
[][]\T1/lmr/m/n/12 (-20) Contexte
 []



[90 <./latex_media/media/image64.png>]

[91 <./latex_media/media/image65.png>]
<latex_media/media/image66.png, id=1130, 589.20125pt x 292.59312pt>
File: latex_media/media/image66.png Graphic file (type png)
<use latex_media/media/image66.png>
Package pdftex.def Info: latex_media/media/image66.png  used on input line 4841.
(pdftex.def)             Requested size: 455.30464pt x 226.10101pt.


[92]

[93 <./latex_media/media/image66.png>]

[94

]
Chapitre 10.


[95

]

[96

]
Chapitre 11.


[97

]

[98

]
Chapitre 12.


[99

] (reportPFE.aux)
 ***********
LaTeX2e <2025-06-01> patch level 1
L3 programming layer <2025-08-13>
 ***********


LaTeX Font Warning: Some font shapes were not available, defaults substituted.


LaTeX Warning: There were multiply-defined labels.

 ) 
Here is how much of TeX's memory you used:
 30856 strings out of 468133
 580398 string characters out of 5429260
 999561 words of memory out of 5000000
 58039 multiletter control sequences out of 15000+600000
 699667 words of font info for 231 fonts, out of 8000000 for 9000
 1141 hyphenation exceptions out of 8191
 104i,12n,109p,1045b,740s stack positions out of 10000i,1000n,20000p,200000b,200000s
<C:/Users/Soufiane/AppData/Local/Programs/MiKTeX/fonts/type1/public/lm/lmbx10.pfb><C:/Users/Soufiane/AppData/Local/Programs/MiKTeX/fonts/type1/public/lm/lmbx12.pfb><C:/Users/Soufiane/AppData/Local/Programs/MiKTeX/fonts/type1/public/lm/lmbxi10.pfb><C:/Users/Soufiane/AppData/Local/Programs/MiKTeX/fonts/type1/public/lm/lmr12.pfb><C:/Users/Soufiane/AppData/Local/Programs/MiKTeX/fonts/type1/public/lm/lmr17.pfb><C:/Users/Soufiane/AppData/Local/Programs/MiKTeX/fonts/type1/public/lm/lmri12.pfb>
Output written on reportPFE.pdf (105 pages, 4401883 bytes).
PDF statistics:
 1674 PDF objects out of 1728 (max. 8388607)
 590 named destinations out of 1000 (max. 500000)
 42175 words of extra memory for PDF output out of 42996 (max. 10000000)

